Parser Lanciato in data:
lun 17 ott 2011, 10.48.20, CEST
Parser Lanciato in data:
lun 17 ott 2011, 11.48.22, CEST
Parser Lanciato in data:
lun 17 ott 2011, 12.48.23, CEST
Parser Lanciato in data:
lun 17 ott 2011, 13.48.25, CEST
Parser Lanciato in data:
lun 17 ott 2011, 14.48.27, CEST
Parser Lanciato in data:
lun 17 ott 2011, 15.48.29, CEST
Parser Lanciato in data:
lun 17 ott 2011, 16.48.31, CEST
Parser Lanciato in data:
lun 17 ott 2011, 17.48.32, CEST
Parser Lanciato in data:
lun 17 ott 2011, 18.48.35, CEST
Parser Lanciato in data:
lun 17 ott 2011, 19.48.37, CEST
Parser Lanciato in data:
lun 17 ott 2011, 20.48.39, CEST
Parser Lanciato in data:
lun 17 ott 2011, 21.48.41, CEST
Parser Lanciato in data:
lun 17 ott 2011, 22.48.43, CEST
Parser Lanciato in data:
lun 17 ott 2011, 23.48.45, CEST
Parser Lanciato in data:
mar 18 ott 2011, 00.48.47, CEST
Parser Lanciato in data:
mar 18 ott 2011, 01.48.48, CEST
Parser Lanciato in data:
mar 18 ott 2011, 02.48.49, CEST
Parser Lanciato in data:
mar 18 ott 2011, 03.48.51, CEST
Parser Lanciato in data:
mar 18 ott 2011, 04.48.53, CEST
Parser Lanciato in data:
mar 18 ott 2011, 05.48.54, CEST
Parser Lanciato in data:
mar 18 ott 2011, 06.48.56, CEST
Parser Lanciato in data:
mar 18 ott 2011, 07.48.58, CEST
Parser Lanciato in data:
mar 18 ott 2011, 08.48.59, CEST
Parser Lanciato in data:
mar 18 ott 2011, 09.49.01, CEST
Parser Lanciato in data:
mar 18 ott 2011, 18.39.48, CEST
Parser Lanciato in data:
mar 18 ott 2011, 19.39.53, CEST
Parser Lanciato in data:
mar 18 ott 2011, 20.39.57, CEST
Parser Lanciato in data:
mar 18 ott 2011, 21.40.00, CEST
Parser Lanciato in data:
mar 18 ott 2011, 22.40.02, CEST
Parser Lanciato in data:
mar 18 ott 2011, 23.40.05, CEST
Parser Lanciato in data:
mer 19 ott 2011, 00.40.08, CEST
Parser Lanciato in data:
mer 19 ott 2011, 01.40.12, CEST
Parser Lanciato in data:
mer 19 ott 2011, 02.40.16, CEST
Parser Lanciato in data:
mer 19 ott 2011, 03.40.20, CEST
Parser Lanciato in data:
mer 19 ott 2011, 04.40.24, CEST
Parser Lanciato in data:
mer 19 ott 2011, 05.40.28, CEST
Parser Lanciato in data:
mer 19 ott 2011, 06.40.32, CEST
Parser Lanciato in data:
mer 19 ott 2011, 07.40.35, CEST
Parser Lanciato in data:
mer 19 ott 2011, 08.40.39, CEST
Parser Lanciato in data:
mer 19 ott 2011, 09.40.44, CEST
Parser Lanciato in data:
mer 19 ott 2011, 10.40.48, CEST
Parser Lanciato in data:
mer 19 ott 2011, 11.40.53, CEST
Parser Lanciato in data:
mer 19 ott 2011, 12.40.57, CEST
Parser Lanciato in data:
mer 19 ott 2011, 13.41.01, CEST
Parser Lanciato in data:
mer 19 ott 2011, 14.41.06, CEST
Parser Lanciato in data:
mer 19 ott 2011, 15.41.10, CEST
Parser Lanciato in data:
mer 19 ott 2011, 16.41.15, CEST
Parser Lanciato in data:
mer 19 ott 2011, 17.41.19, CEST
Parser Lanciato in data:
mer 19 ott 2011, 18.41.27, CEST
Parser Lanciato in data:
mer 19 ott 2011, 19.41.32, CEST
Parser Lanciato in data:
mer 19 ott 2011, 20.41.36, CEST
Parser Lanciato in data:
mer 19 ott 2011, 21.41.43, CEST
Parser Lanciato in data:
mer 19 ott 2011, 22.41.48, CEST
Parser Lanciato in data:
mer 19 ott 2011, 23.41.53, CEST
Parser Lanciato in data:
gio 20 ott 2011, 00.41.57, CEST
Parser Lanciato in data:
gio 20 ott 2011, 01.42.02, CEST
Parser Lanciato in data:
gio 20 ott 2011, 02.42.06, CEST
Parser Lanciato in data:
gio 20 ott 2011, 03.42.10, CEST
Parser Lanciato in data:
gio 20 ott 2011, 04.42.14, CEST
Parser Lanciato in data:
gio 20 ott 2011, 05.42.19, CEST
Parser Lanciato in data:
gio 20 ott 2011, 06.42.23, CEST
Parser Lanciato in data:
gio 20 ott 2011, 07.42.28, CEST
Parser Lanciato in data:
gio 20 ott 2011, 08.42.32, CEST
Parser Lanciato in data:
gio 20 ott 2011, 09.42.36, CEST
Parser Lanciato in data:
gio 20 ott 2011, 10.42.41, CEST
Parser Lanciato in data:
gio 20 ott 2011, 11.42.45, CEST
Parser Lanciato in data:
gio 20 ott 2011, 12.42.49, CEST
Parser Lanciato in data:
gio 20 ott 2011, 13.42.55, CEST
Parser Lanciato in data:
gio 20 ott 2011, 14.43.00, CEST
Parser Lanciato in data:
gio 20 ott 2011, 15.43.07, CEST
Parser Lanciato in data:
gio 20 ott 2011, 16.43.12, CEST
Parser Lanciato in data:
gio 20 ott 2011, 17.43.18, CEST
Parser Lanciato in data:
gio 20 ott 2011, 18.43.22, CEST
Parser Lanciato in data:
gio 20 ott 2011, 19.43.27, CEST
Parser Lanciato in data:
gio 20 ott 2011, 20.43.33, CEST
Parser Lanciato in data:
gio 20 ott 2011, 21.43.38, CEST
Parser Lanciato in data:
gio 20 ott 2011, 22.43.42, CEST
Parser Lanciato in data:
gio 20 ott 2011, 23.43.46, CEST
Parser Lanciato in data:
ven 21 ott 2011, 00.43.50, CEST
Parser Lanciato in data:
ven 21 ott 2011, 01.43.54, CEST
Parser Lanciato in data:
ven 21 ott 2011, 02.43.58, CEST
Parser Lanciato in data:
ven 21 ott 2011, 03.44.03, CEST
Parser Lanciato in data:
ven 21 ott 2011, 04.44.07, CEST
Parser Lanciato in data:
ven 21 ott 2011, 05.44.11, CEST
Parser Lanciato in data:
ven 21 ott 2011, 06.44.16, CEST
Parser Lanciato in data:
ven 21 ott 2011, 07.44.20, CEST
Parser Lanciato in data:
ven 21 ott 2011, 08.44.24, CEST
Parser Lanciato in data:
ven 21 ott 2011, 09.44.28, CEST
Parser Lanciato in data:
ven 21 ott 2011, 10.44.33, CEST
Parser Lanciato in data:
ven 21 ott 2011, 11.44.38, CEST
Parser Lanciato in data:
ven 21 ott 2011, 12.44.42, CEST
Parser Lanciato in data:
ven 21 ott 2011, 13.44.47, CEST
Parser Lanciato in data:
ven 21 ott 2011, 14.44.52, CEST
Parser Lanciato in data:
ven 21 ott 2011, 15.44.55, CEST
Parser Lanciato in data:
ven 21 ott 2011, 16.45.00, CEST
Parser Lanciato in data:
ven 21 ott 2011, 17.45.04, CEST
Parser Lanciato in data:
ven 21 ott 2011, 18.45.08, CEST
Parser Lanciato in data:
ven 21 ott 2011, 19.45.12, CEST
Parser Lanciato in data:
ven 21 ott 2011, 20.45.17, CEST
Parser Lanciato in data:
ven 21 ott 2011, 21.45.22, CEST
Parser Lanciato in data:
ven 21 ott 2011, 22.45.26, CEST
Parser Lanciato in data:
ven 21 ott 2011, 23.45.31, CEST
Parser Lanciato in data:
sab 22 ott 2011, 00.45.35, CEST
Parser Lanciato in data:
sab 22 ott 2011, 01.45.40, CEST
Parser Lanciato in data:
sab 22 ott 2011, 02.45.44, CEST
Parser Lanciato in data:
sab 22 ott 2011, 03.45.48, CEST
Parser Lanciato in data:
sab 22 ott 2011, 04.45.53, CEST
Parser Lanciato in data:
sab 22 ott 2011, 05.45.58, CEST
Parser Lanciato in data:
sab 22 ott 2011, 06.46.02, CEST
Parser Lanciato in data:
sab 22 ott 2011, 07.46.06, CEST
Parser Lanciato in data:
sab 22 ott 2011, 08.46.11, CEST
Parser Lanciato in data:
sab 22 ott 2011, 09.46.15, CEST
Parser Lanciato in data:
sab 22 ott 2011, 10.46.20, CEST
Parser Lanciato in data:
sab 22 ott 2011, 11.46.24, CEST
Parser Lanciato in data:
sab 22 ott 2011, 12.46.28, CEST
Parser Lanciato in data:
sab 22 ott 2011, 13.46.33, CEST
Parser Lanciato in data:
sab 22 ott 2011, 14.46.37, CEST
Parser Lanciato in data:
sab 22 ott 2011, 15.46.42, CEST
Parser Lanciato in data:
sab 22 ott 2011, 16.46.46, CEST
Parser Lanciato in data:
sab 22 ott 2011, 17.46.51, CEST
Parser Lanciato in data:
sab 22 ott 2011, 18.46.56, CEST
Parser Lanciato in data:
sab 22 ott 2011, 19.47.00, CEST
Parser Lanciato in data:
sab 22 ott 2011, 20.47.05, CEST
Parser Lanciato in data:
sab 22 ott 2011, 21.47.09, CEST
Parser Lanciato in data:
sab 22 ott 2011, 22.47.13, CEST
Parser Lanciato in data:
sab 22 ott 2011, 23.47.17, CEST
Parser Lanciato in data:
dom 23 ott 2011, 00.47.22, CEST
Parser Lanciato in data:
dom 23 ott 2011, 01.47.26, CEST
Parser Lanciato in data:
dom 23 ott 2011, 02.47.30, CEST
Parser Lanciato in data:
dom 23 ott 2011, 03.47.34, CEST
Parser Lanciato in data:
dom 23 ott 2011, 04.47.38, CEST
Parser Lanciato in data:
dom 23 ott 2011, 05.47.43, CEST
Parser Lanciato in data:
dom 23 ott 2011, 06.47.47, CEST
Parser Lanciato in data:
dom 23 ott 2011, 07.47.52, CEST
Parser Lanciato in data:
dom 23 ott 2011, 08.47.56, CEST
Parser Lanciato in data:
dom 23 ott 2011, 09.48.01, CEST
Parser Lanciato in data:
dom 23 ott 2011, 10.48.05, CEST
Parser Lanciato in data:
dom 23 ott 2011, 11.48.09, CEST
Parser Lanciato in data:
dom 23 ott 2011, 12.48.14, CEST
Parser Lanciato in data:
dom 23 ott 2011, 13.48.19, CEST
Parser Lanciato in data:
dom 23 ott 2011, 14.48.24, CEST
Parser Lanciato in data:
dom 23 ott 2011, 15.48.29, CEST
Parser Lanciato in data:
dom 23 ott 2011, 16.48.34, CEST
Parser Lanciato in data:
dom 23 ott 2011, 17.48.38, CEST
Parser Lanciato in data:
dom 23 ott 2011, 18.48.42, CEST
Parser Lanciato in data:
dom 23 ott 2011, 19.48.47, CEST
Parser Lanciato in data:
dom 23 ott 2011, 20.48.52, CEST
Parser Lanciato in data:
dom 23 ott 2011, 21.48.56, CEST
Parser Lanciato in data:
dom 23 ott 2011, 22.49.01, CEST
Parser Lanciato in data:
dom 23 ott 2011, 23.49.05, CEST
Parser Lanciato in data:
lun 24 ott 2011, 00.49.10, CEST
Parser Lanciato in data:
lun 24 ott 2011, 01.49.14, CEST
Parser Lanciato in data:
lun 24 ott 2011, 02.49.19, CEST
Parser Lanciato in data:
lun 24 ott 2011, 03.49.23, CEST
Parser Lanciato in data:
lun 24 ott 2011, 04.49.28, CEST
Parser Lanciato in data:
lun 24 ott 2011, 05.49.32, CEST
Parser Lanciato in data:
lun 24 ott 2011, 06.49.36, CEST
Parser Lanciato in data:
lun 24 ott 2011, 07.49.40, CEST
Parser Lanciato in data:
lun 24 ott 2011, 08.49.45, CEST
Parser Lanciato in data:
lun 24 ott 2011, 09.49.49, CEST
Parser Lanciato in data:
lun 24 ott 2011, 10.49.53, CEST
Parser Lanciato in data:
lun 24 ott 2011, 11.49.58, CEST
Parser Lanciato in data:
lun 24 ott 2011, 12.50.02, CEST
Parser Lanciato in data:
lun 24 ott 2011, 13.50.08, CEST
Parser Lanciato in data:
lun 24 ott 2011, 14.50.12, CEST
Parser Lanciato in data:
lun 24 ott 2011, 15.50.17, CEST
Parser Lanciato in data:
lun 24 ott 2011, 16.50.22, CEST
Parser Lanciato in data:
lun 24 ott 2011, 17.50.26, CEST
Parser Lanciato in data:
lun 24 ott 2011, 18.50.31, CEST
Parser Lanciato in data:
lun 24 ott 2011, 19.50.36, CEST
Parser Lanciato in data:
lun 24 ott 2011, 20.50.41, CEST
Parser Lanciato in data:
lun 24 ott 2011, 21.50.45, CEST
Parser Lanciato in data:
lun 24 ott 2011, 22.50.50, CEST
Parser Lanciato in data:
lun 24 ott 2011, 23.50.55, CEST
Parser Lanciato in data:
mar 25 ott 2011, 00.51.01, CEST
Parser Lanciato in data:
mar 25 ott 2011, 01.51.05, CEST
Parser Lanciato in data:
mar 25 ott 2011, 02.51.09, CEST
Parser Lanciato in data:
mar 25 ott 2011, 03.51.14, CEST
Parser Lanciato in data:
mar 25 ott 2011, 04.51.19, CEST
Parser Lanciato in data:
mar 25 ott 2011, 05.51.22, CEST
Parser Lanciato in data:
mar 25 ott 2011, 06.51.26, CEST
Parser Lanciato in data:
mar 25 ott 2011, 07.51.31, CEST
Parser Lanciato in data:
mar 25 ott 2011, 08.51.36, CEST
Parser Lanciato in data:
mar 25 ott 2011, 09.51.40, CEST
Parser Lanciato in data:
mar 25 ott 2011, 10.51.44, CEST
Parser Lanciato in data:
mar 25 ott 2011, 11.51.49, CEST
Parser Lanciato in data:
mar 25 ott 2011, 12.51.53, CEST
Parser Lanciato in data:
mar 25 ott 2011, 13.51.57, CEST
Parser Lanciato in data:
mar 25 ott 2011, 14.52.02, CEST
Parser Lanciato in data:
mar 25 ott 2011, 15.52.06, CEST
Parser Lanciato in data:
mar 25 ott 2011, 16.52.11, CEST
Parser Lanciato in data:
mar 25 ott 2011, 17.52.16, CEST
Parser Lanciato in data:
mar 25 ott 2011, 18.52.19, CEST
Parser Lanciato in data:
mar 25 ott 2011, 19.52.22, CEST
Parser Lanciato in data:
mar 25 ott 2011, 20.52.25, CEST
Parser Lanciato in data:
mar 25 ott 2011, 21.52.28, CEST
Parser Lanciato in data:
mar 25 ott 2011, 22.52.32, CEST
Parser Lanciato in data:
mar 25 ott 2011, 23.52.34, CEST
Parser Lanciato in data:
mer 26 ott 2011, 00.52.37, CEST
Parser Lanciato in data:
mer 26 ott 2011, 01.52.40, CEST
Parser Lanciato in data:
mer 26 ott 2011, 02.52.43, CEST
Parser Lanciato in data:
mer 26 ott 2011, 03.52.45, CEST
Parser Lanciato in data:
mer 26 ott 2011, 04.52.47, CEST
Parser Lanciato in data:
mer 26 ott 2011, 05.52.50, CEST
Parser Lanciato in data:
mer 26 ott 2011, 06.52.53, CEST
Parser Lanciato in data:
mer 26 ott 2011, 07.52.55, CEST
Parser Lanciato in data:
mer 26 ott 2011, 08.52.58, CEST
Parser Lanciato in data:
mer 26 ott 2011, 09.53.00, CEST
Parser Lanciato in data:
mer 26 ott 2011, 10.53.03, CEST
Parser Lanciato in data:
mer 26 ott 2011, 11.53.05, CEST
Parser Lanciato in data:
mer 26 ott 2011, 12.53.07, CEST
Parser Lanciato in data:
mer 26 ott 2011, 13.53.10, CEST
Parser Lanciato in data:
mer 26 ott 2011, 14.53.13, CEST
Parser Lanciato in data:
mer 26 ott 2011, 15.53.15, CEST
Parser Lanciato in data:
mer 26 ott 2011, 16.53.18, CEST
Parser Lanciato in data:
mer 26 ott 2011, 17.53.20, CEST
Parser Lanciato in data:
mer 26 ott 2011, 18.53.23, CEST
Parser Lanciato in data:
mer 26 ott 2011, 19.53.26, CEST
Parser Lanciato in data:
mer 26 ott 2011, 20.53.30, CEST
Parser Lanciato in data:
mer 26 ott 2011, 21.53.34, CEST
Parser Lanciato in data:
mer 26 ott 2011, 22.53.38, CEST
Parser Lanciato in data:
mer 26 ott 2011, 23.53.43, CEST
Parser Lanciato in data:
gio 27 ott 2011, 00.53.49, CEST
Parser Lanciato in data:
gio 27 ott 2011, 01.53.55, CEST
Parser Lanciato in data:
gio 27 ott 2011, 02.54.00, CEST
Parser Lanciato in data:
gio 27 ott 2011, 03.54.04, CEST
Parser Lanciato in data:
gio 27 ott 2011, 04.54.09, CEST
Parser Lanciato in data:
gio 27 ott 2011, 05.54.14, CEST
Parser Lanciato in data:
gio 27 ott 2011, 06.54.18, CEST
Parser Lanciato in data:
gio 27 ott 2011, 07.54.25, CEST
Parser Lanciato in data:
gio 27 ott 2011, 08.54.30, CEST
Parser Lanciato in data:
gio 27 ott 2011, 09.54.35, CEST
Parser Lanciato in data:
gio 27 ott 2011, 10.54.39, CEST
Parser Lanciato in data:
gio 27 ott 2011, 11.54.44, CEST
Parser Lanciato in data:
gio 27 ott 2011, 12.54.48, CEST
Parser Lanciato in data:
gio 27 ott 2011, 13.54.53, CEST
Parser Lanciato in data:
gio 27 ott 2011, 14.54.57, CEST
Parser Lanciato in data:
gio 27 ott 2011, 15.55.02, CEST
Parser Lanciato in data:
gio 27 ott 2011, 16.55.07, CEST
Parser Lanciato in data:
gio 27 ott 2011, 17.55.11, CEST
Parser Lanciato in data:
gio 27 ott 2011, 18.55.16, CEST
Parser Lanciato in data:
gio 27 ott 2011, 19.55.20, CEST
Parser Lanciato in data:
gio 27 ott 2011, 20.55.26, CEST
Parser Lanciato in data:
gio 27 ott 2011, 21.55.31, CEST
Parser Lanciato in data:
gio 27 ott 2011, 22.55.35, CEST
Parser Lanciato in data:
gio 27 ott 2011, 23.55.39, CEST
Parser Lanciato in data:
ven 28 ott 2011, 00.55.44, CEST
Parser Lanciato in data:
ven 28 ott 2011, 01.55.49, CEST
Parser Lanciato in data:
ven 28 ott 2011, 02.55.54, CEST
Parser Lanciato in data:
ven 28 ott 2011, 03.55.58, CEST
Parser Lanciato in data:
ven 28 ott 2011, 04.56.03, CEST
Parser Lanciato in data:
ven 28 ott 2011, 05.56.07, CEST
Parser Lanciato in data:
ven 28 ott 2011, 06.56.11, CEST
Parser Lanciato in data:
ven 28 ott 2011, 07.56.16, CEST
Parser Lanciato in data:
ven 28 ott 2011, 08.56.20, CEST
Parser Lanciato in data:
ven 28 ott 2011, 09.56.25, CEST
Parser Lanciato in data:
ven 28 ott 2011, 10.56.29, CEST
Parser Lanciato in data:
ven 28 ott 2011, 11.56.34, CEST
Parser Lanciato in data:
ven 28 ott 2011, 12.56.39, CEST
Parser Lanciato in data:
ven 28 ott 2011, 13.56.44, CEST
Parser Lanciato in data:
ven 28 ott 2011, 14.56.48, CEST
Parser Lanciato in data:
ven 28 ott 2011, 15.56.56, CEST
Parser Lanciato in data:
ven 28 ott 2011, 16.57.03, CEST
Parser Lanciato in data:
ven 28 ott 2011, 17.57.11, CEST
Parser Lanciato in data:
ven 28 ott 2011, 18.57.18, CEST
Parser Lanciato in data:
ven 28 ott 2011, 19.57.22, CEST
Parser Lanciato in data:
ven 28 ott 2011, 20.57.25, CEST
Parser Lanciato in data:
ven 28 ott 2011, 21.57.32, CEST
Parser Lanciato in data:
ven 28 ott 2011, 22.57.42, CEST
Parser Lanciato in data:
ven 28 ott 2011, 23.57.46, CEST
Parser Lanciato in data:
sab 29 ott 2011, 00.57.52, CEST
Parser Lanciato in data:
sab 29 ott 2011, 01.57.54, CEST
Parser Lanciato in data:
sab 29 ott 2011, 02.57.57, CEST
Parser Lanciato in data:
sab 29 ott 2011, 03.57.59, CEST
Parser Lanciato in data:
sab 29 ott 2011, 04.58.01, CEST
Parser Lanciato in data:
sab 29 ott 2011, 05.58.04, CEST
Parser Lanciato in data:
sab 29 ott 2011, 06.58.06, CEST
Parser Lanciato in data:
sab 29 ott 2011, 07.58.08, CEST
Parser Lanciato in data:
sab 29 ott 2011, 08.58.11, CEST
Parser Lanciato in data:
sab 29 ott 2011, 09.58.13, CEST
Parser Lanciato in data:
sab 29 ott 2011, 10.58.15, CEST
Parser Lanciato in data:
sab 29 ott 2011, 11.58.18, CEST
Parser Lanciato in data:
sab 29 ott 2011, 12.58.21, CEST
Parser Lanciato in data:
sab 29 ott 2011, 13.58.23, CEST
Parser Lanciato in data:
sab 29 ott 2011, 14.58.25, CEST
Parser Lanciato in data:
sab 29 ott 2011, 15.58.28, CEST
Parser Lanciato in data:
sab 29 ott 2011, 16.58.30, CEST
Parser Lanciato in data:
sab 29 ott 2011, 17.58.32, CEST
Parser Lanciato in data:
sab 29 ott 2011, 18.58.35, CEST
Parser Lanciato in data:
sab 29 ott 2011, 19.58.37, CEST
Parser Lanciato in data:
sab 29 ott 2011, 20.58.39, CEST
Parser Lanciato in data:
sab 29 ott 2011, 21.58.41, CEST
Parser Lanciato in data:
sab 29 ott 2011, 22.58.44, CEST
Parser Lanciato in data:
sab 29 ott 2011, 23.58.46, CEST
Parser Lanciato in data:
dom 30 ott 2011, 00.58.48, CEST
Parser Lanciato in data:
dom 30 ott 2011, 01.58.51, CEST
Parser Lanciato in data:
dom 30 ott 2011, 02.58.53, CEST
Parser Lanciato in data:
dom 30 ott 2011, 02.58.55, CET
Parser Lanciato in data:
dom 30 ott 2011, 03.58.58, CET
Parser Lanciato in data:
dom 30 ott 2011, 04.59.00, CET
Parser Lanciato in data:
dom 30 ott 2011, 05.59.03, CET
Parser Lanciato in data:
dom 30 ott 2011, 06.59.05, CET
Parser Lanciato in data:
dom 30 ott 2011, 07.59.07, CET
Parser Lanciato in data:
dom 30 ott 2011, 08.59.10, CET
Parser Lanciato in data:
dom 30 ott 2011, 09.59.12, CET
Parser Lanciato in data:
dom 30 ott 2011, 10.59.14, CET
Parser Lanciato in data:
dom 30 ott 2011, 11.59.17, CET
Parser Lanciato in data:
dom 30 ott 2011, 12.59.19, CET
Parser Lanciato in data:
dom 30 ott 2011, 13.59.21, CET
Parser Lanciato in data:
dom 30 ott 2011, 14.59.23, CET
Parser Lanciato in data:
dom 30 ott 2011, 15.59.26, CET
Parser Lanciato in data:
dom 30 ott 2011, 16.59.28, CET
Parser Lanciato in data:
dom 30 ott 2011, 17.59.31, CET
Parser Lanciato in data:
dom 30 ott 2011, 18.59.34, CET
Parser Lanciato in data:
dom 30 ott 2011, 19.59.37, CET
Parser Lanciato in data:
dom 30 ott 2011, 20.59.40, CET
Parser Lanciato in data:
dom 30 ott 2011, 21.59.42, CET
Parser Lanciato in data:
dom 30 ott 2011, 22.59.45, CET
Parser Lanciato in data:
dom 30 ott 2011, 23.59.48, CET
Parser Lanciato in data:
lun 31 ott 2011, 00.59.50, CET
Parser Lanciato in data:
lun 31 ott 2011, 01.59.54, CET
Parser Lanciato in data:
lun 31 ott 2011, 02.59.56, CET
Parser Lanciato in data:
lun 31 ott 2011, 03.59.58, CET
Parser Lanciato in data:
lun 31 ott 2011, 05.00.00, CET
Parser Lanciato in data:
lun 31 ott 2011, 06.00.03, CET
Parser Lanciato in data:
lun 31 ott 2011, 07.00.05, CET
Parser Lanciato in data:
lun 31 ott 2011, 08.00.07, CET
Parser Lanciato in data:
lun 31 ott 2011, 09.00.09, CET
Parser Lanciato in data:
lun 31 ott 2011, 10.00.12, CET
Parser Lanciato in data:
lun 31 ott 2011, 11.00.14, CET
Parser Lanciato in data:
lun 31 ott 2011, 12.00.16, CET
Parser Lanciato in data:
lun 31 ott 2011, 13.00.19, CET
Parser Lanciato in data:
lun 31 ott 2011, 14.00.21, CET
Parser Lanciato in data:
lun 31 ott 2011, 15.00.24, CET
Parser Lanciato in data:
lun 31 ott 2011, 16.00.26, CET
Parser Lanciato in data:
lun 31 ott 2011, 17.00.28, CET
Parser Lanciato in data:
lun 31 ott 2011, 18.00.31, CET
Parser Lanciato in data:
lun 31 ott 2011, 19.00.33, CET
Parser Lanciato in data:
lun 31 ott 2011, 20.00.36, CET
Parser Lanciato in data:
lun 31 ott 2011, 21.00.39, CET
Parser Lanciato in data:
lun 31 ott 2011, 22.00.41, CET
Parser Lanciato in data:
lun 31 ott 2011, 23.00.44, CET
Parser Lanciato in data:
mar  1 nov 2011, 00.00.47, CET
Parser Lanciato in data:
mar  1 nov 2011, 01.00.49, CET
Parser Lanciato in data:
mar  1 nov 2011, 02.00.52, CET
Parser Lanciato in data:
mar  1 nov 2011, 03.00.55, CET
Parser Lanciato in data:
mar  1 nov 2011, 04.00.57, CET
Parser Lanciato in data:
mar  1 nov 2011, 05.01.00, CET
Parser Lanciato in data:
mar  1 nov 2011, 06.01.02, CET
Parser Lanciato in data:
mar  1 nov 2011, 07.01.04, CET
Parser Lanciato in data:
mar  1 nov 2011, 08.01.06, CET
Parser Lanciato in data:
mar  1 nov 2011, 09.01.09, CET
Parser Lanciato in data:
mar  1 nov 2011, 10.01.12, CET
Parser Lanciato in data:
mar  1 nov 2011, 11.01.14, CET
Parser Lanciato in data:
mar  1 nov 2011, 12.01.17, CET
Parser Lanciato in data:
mar  1 nov 2011, 13.01.20, CET
Parser Lanciato in data:
mar  1 nov 2011, 14.01.23, CET
Parser Lanciato in data:
mar  1 nov 2011, 15.01.25, CET
Parser Lanciato in data:
mar  1 nov 2011, 16.01.28, CET
Parser Lanciato in data:
mar  1 nov 2011, 17.01.30, CET
Parser Lanciato in data:
mar  1 nov 2011, 18.01.32, CET
Parser Lanciato in data:
mar  1 nov 2011, 19.01.35, CET
Parser Lanciato in data:
mar  1 nov 2011, 20.01.37, CET
Parser Lanciato in data:
mar  1 nov 2011, 21.01.40, CET
Parser Lanciato in data:
mar  1 nov 2011, 22.01.42, CET
Parser Lanciato in data:
mar  1 nov 2011, 23.01.45, CET
Parser Lanciato in data:
mer  2 nov 2011, 00.01.48, CET
Parser Lanciato in data:
mer  2 nov 2011, 01.01.51, CET
Parser Lanciato in data:
mer  2 nov 2011, 02.01.54, CET
Parser Lanciato in data:
mer  2 nov 2011, 03.01.56, CET
Parser Lanciato in data:
mer  2 nov 2011, 04.01.58, CET
Parser Lanciato in data:
mer  2 nov 2011, 05.02.00, CET
Parser Lanciato in data:
mer  2 nov 2011, 06.02.03, CET
Parser Lanciato in data:
mer  2 nov 2011, 07.02.05, CET
Parser Lanciato in data:
mer  2 nov 2011, 08.02.07, CET
Parser Lanciato in data:
mer  2 nov 2011, 09.02.10, CET
Parser Lanciato in data:
mer  2 nov 2011, 10.02.12, CET
Parser Lanciato in data:
mer  2 nov 2011, 11.02.15, CET
Parser Lanciato in data:
mer  2 nov 2011, 12.02.17, CET
Parser Lanciato in data:
mer  2 nov 2011, 13.02.19, CET
Parser Lanciato in data:
mer  2 nov 2011, 14.02.22, CET
Parser Lanciato in data:
mer  2 nov 2011, 15.02.24, CET
Parser Lanciato in data:
mer  2 nov 2011, 16.02.26, CET
Parser Lanciato in data:
mer  2 nov 2011, 17.02.29, CET
Parser Lanciato in data:
mer  2 nov 2011, 18.02.32, CET
Parser Lanciato in data:
mer  2 nov 2011, 19.02.35, CET
Parser Lanciato in data:
mer  2 nov 2011, 20.02.39, CET
Parser Lanciato in data:
mer  2 nov 2011, 21.02.41, CET
Parser Lanciato in data:
mer  2 nov 2011, 22.02.44, CET
Parser Lanciato in data:
mer  2 nov 2011, 23.02.46, CET
Parser Lanciato in data:
gio  3 nov 2011, 00.02.49, CET
Parser Lanciato in data:
gio  3 nov 2011, 01.02.52, CET
Parser Lanciato in data:
gio  3 nov 2011, 02.02.55, CET
Parser Lanciato in data:
gio  3 nov 2011, 03.02.57, CET
Parser Lanciato in data:
gio  3 nov 2011, 04.03.00, CET
Parser Lanciato in data:
gio  3 nov 2011, 05.03.03, CET
Parser Lanciato in data:
gio  3 nov 2011, 06.03.05, CET
Parser Lanciato in data:
gio  3 nov 2011, 07.03.07, CET
Parser Lanciato in data:
gio  3 nov 2011, 08.03.10, CET
Parser Lanciato in data:
gio  3 nov 2011, 09.03.12, CET
Parser Lanciato in data:
gio  3 nov 2011, 10.03.15, CET
Parser Lanciato in data:
gio  3 nov 2011, 11.03.17, CET
Parser Lanciato in data:
gio  3 nov 2011, 12.03.20, CET
Parser Lanciato in data:
gio  3 nov 2011, 13.03.22, CET
Parser Lanciato in data:
gio  3 nov 2011, 14.03.25, CET
Parser Lanciato in data:
gio  3 nov 2011, 15.03.34, CET
Parser Lanciato in data:
gio  3 nov 2011, 16.03.41, CET
Parser Lanciato in data:
gio  3 nov 2011, 17.03.46, CET
Parser Lanciato in data:
gio  3 nov 2011, 18.03.54, CET
Parser Lanciato in data:
gio  3 nov 2011, 19.03.58, CET
Parser Lanciato in data:
gio  3 nov 2011, 20.04.04, CET
Parser Lanciato in data:
gio  3 nov 2011, 21.04.09, CET
Parser Lanciato in data:
gio  3 nov 2011, 22.04.14, CET
Parser Lanciato in data:
gio  3 nov 2011, 23.04.19, CET
Parser Lanciato in data:
ven  4 nov 2011, 00.04.24, CET
Parser Lanciato in data:
ven  4 nov 2011, 01.04.29, CET
Parser Lanciato in data:
ven  4 nov 2011, 02.04.35, CET
Parser Lanciato in data:
ven  4 nov 2011, 03.04.40, CET
Parser Lanciato in data:
ven  4 nov 2011, 04.04.45, CET
Parser Lanciato in data:
ven  4 nov 2011, 05.04.50, CET
Parser Lanciato in data:
ven  4 nov 2011, 06.04.55, CET
Parser Lanciato in data:
ven  4 nov 2011, 07.05.00, CET
Parser Lanciato in data:
ven  4 nov 2011, 08.05.05, CET
Parser Lanciato in data:
ven  4 nov 2011, 09.05.10, CET
Parser Lanciato in data:
ven  4 nov 2011, 10.05.16, CET
Parser Lanciato in data:
ven  4 nov 2011, 11.05.22, CET
Parser Lanciato in data:
ven  4 nov 2011, 12.05.27, CET
Parser Lanciato in data:
ven  4 nov 2011, 13.05.33, CET
Parser Lanciato in data:
ven  4 nov 2011, 14.05.38, CET
Parser Lanciato in data:
ven  4 nov 2011, 15.05.46, CET
Parser Lanciato in data:
mer  9 nov 2011, 15.12.45, CET
Parser Lanciato in data:
mer  9 nov 2011, 16.12.48, CET
Parser Lanciato in data:
mer  9 nov 2011, 17.12.51, CET
Parser Lanciato in data:
mer  9 nov 2011, 18.12.54, CET
Parser Lanciato in data:
mer  9 nov 2011, 19.12.58, CET
Parser Lanciato in data:
mer  9 nov 2011, 20.13.03, CET
Parser Lanciato in data:
mer  9 nov 2011, 21.13.10, CET
Parser Lanciato in data:
mer  9 nov 2011, 22.13.16, CET
Parser Lanciato in data:
mer  9 nov 2011, 23.13.22, CET
Parser Lanciato in data:
gio 10 nov 2011, 00.13.28, CET
Parser Lanciato in data:
gio 10 nov 2011, 01.13.34, CET
Parser Lanciato in data:
gio 10 nov 2011, 02.13.41, CET
Parser Lanciato in data:
gio 10 nov 2011, 03.13.46, CET
Parser Lanciato in data:
gio 10 nov 2011, 04.13.52, CET
Parser Lanciato in data:
gio 10 nov 2011, 05.13.58, CET
Parser Lanciato in data:
gio 10 nov 2011, 06.14.04, CET
Parser Lanciato in data:
gio 10 nov 2011, 07.14.11, CET
Parser Lanciato in data:
gio 10 nov 2011, 08.14.17, CET
Parser Lanciato in data:
gio 10 nov 2011, 09.14.23, CET
Parser Lanciato in data:
gio 10 nov 2011, 10.14.29, CET
Parser Lanciato in data:
gio 10 nov 2011, 11.14.35, CET
Parser Lanciato in data:
gio 10 nov 2011, 12.14.40, CET
Parser Lanciato in data:
gio 10 nov 2011, 13.14.46, CET
Parser Lanciato in data:
gio 10 nov 2011, 14.14.52, CET
Parser Lanciato in data:
gio 10 nov 2011, 15.14.58, CET
Parser Lanciato in data:
gio 10 nov 2011, 16.15.03, CET
Parser Lanciato in data:
gio 10 nov 2011, 17.15.08, CET
Parser Lanciato in data:
gio 10 nov 2011, 18.15.11, CET
Parser Lanciato in data:
gio 10 nov 2011, 19.15.15, CET
Parser Lanciato in data:
gio 10 nov 2011, 20.15.20, CET
Parser Lanciato in data:
gio 10 nov 2011, 21.15.25, CET
Parser Lanciato in data:
gio 10 nov 2011, 22.15.29, CET
Parser Lanciato in data:
gio 10 nov 2011, 23.15.34, CET
Parser Lanciato in data:
ven 11 nov 2011, 00.15.38, CET
Parser Lanciato in data:
ven 11 nov 2011, 01.15.42, CET
Parser Lanciato in data:
ven 11 nov 2011, 02.15.46, CET
Parser Lanciato in data:
ven 11 nov 2011, 03.15.51, CET
Parser Lanciato in data:
ven 11 nov 2011, 04.15.54, CET
Parser Lanciato in data:
ven 11 nov 2011, 05.15.59, CET
Parser Lanciato in data:
ven 11 nov 2011, 06.16.04, CET
Parser Lanciato in data:
ven 11 nov 2011, 07.16.08, CET
Parser Lanciato in data:
ven 11 nov 2011, 08.16.13, CET
Parser Lanciato in data:
ven 11 nov 2011, 09.16.18, CET
Parser Lanciato in data:
ven 11 nov 2011, 10.16.23, CET
Parser Lanciato in data:
ven 11 nov 2011, 11.16.28, CET
Parser Lanciato in data:
ven 11 nov 2011, 12.16.32, CET
Parser Lanciato in data:
ven 11 nov 2011, 13.16.37, CET
Parser Lanciato in data:
ven 11 nov 2011, 14.16.42, CET
Parser Lanciato in data:
ven 11 nov 2011, 15.16.45, CET
Parser Lanciato in data:
ven 11 nov 2011, 16.16.50, CET
Parser Lanciato in data:
ven 11 nov 2011, 17.16.53, CET
Parser Lanciato in data:
ven 11 nov 2011, 18.16.57, CET
Parser Lanciato in data:
ven 11 nov 2011, 19.17.00, CET
Parser Lanciato in data:
ven 11 nov 2011, 20.17.03, CET
Parser Lanciato in data:
ven 11 nov 2011, 21.17.06, CET
Parser Lanciato in data:
ven 11 nov 2011, 22.17.09, CET
Parser Lanciato in data:
ven 11 nov 2011, 23.17.12, CET
Parser Lanciato in data:
sab 12 nov 2011, 00.17.14, CET
Parser Lanciato in data:
sab 12 nov 2011, 01.17.17, CET
Parser Lanciato in data:
sab 12 nov 2011, 02.17.20, CET
Parser Lanciato in data:
sab 12 nov 2011, 03.17.23, CET
Parser Lanciato in data:
sab 12 nov 2011, 04.17.26, CET
Parser Lanciato in data:
sab 12 nov 2011, 05.17.28, CET
Parser Lanciato in data:
sab 12 nov 2011, 06.17.31, CET
Parser Lanciato in data:
sab 12 nov 2011, 07.17.33, CET
Parser Lanciato in data:
sab 12 nov 2011, 08.17.36, CET
Parser Lanciato in data:
sab 12 nov 2011, 09.17.38, CET
Parser Lanciato in data:
sab 12 nov 2011, 10.17.41, CET
Parser Lanciato in data:
sab 12 nov 2011, 11.17.43, CET
Parser Lanciato in data:
sab 12 nov 2011, 12.17.46, CET
Parser Lanciato in data:
sab 12 nov 2011, 13.17.49, CET
Parser Lanciato in data:
sab 12 nov 2011, 14.17.52, CET
Parser Lanciato in data:
sab 12 nov 2011, 15.17.54, CET
Parser Lanciato in data:
sab 12 nov 2011, 16.17.59, CET
Parser Lanciato in data:
sab 12 nov 2011, 17.18.04, CET
Parser Lanciato in data:
sab 12 nov 2011, 18.18.08, CET
Parser Lanciato in data:
sab 12 nov 2011, 19.18.13, CET
Parser Lanciato in data:
sab 12 nov 2011, 20.18.17, CET
Parser Lanciato in data:
sab 12 nov 2011, 21.18.22, CET
Parser Lanciato in data:
sab 12 nov 2011, 22.18.26, CET
Parser Lanciato in data:
sab 12 nov 2011, 23.18.30, CET
Parser Lanciato in data:
dom 13 nov 2011, 00.18.34, CET
Parser Lanciato in data:
dom 13 nov 2011, 01.18.39, CET
Parser Lanciato in data:
dom 13 nov 2011, 02.18.43, CET
Parser Lanciato in data:
dom 13 nov 2011, 03.18.48, CET
Parser Lanciato in data:
dom 13 nov 2011, 04.18.53, CET
Parser Lanciato in data:
dom 13 nov 2011, 05.18.57, CET
Parser Lanciato in data:
dom 13 nov 2011, 06.19.02, CET
Parser Lanciato in data:
dom 13 nov 2011, 07.19.06, CET
Parser Lanciato in data:
dom 13 nov 2011, 08.19.11, CET
Parser Lanciato in data:
dom 13 nov 2011, 09.19.16, CET
Parser Lanciato in data:
dom 13 nov 2011, 10.19.21, CET
Parser Lanciato in data:
dom 13 nov 2011, 11.19.26, CET
Parser Lanciato in data:
dom 13 nov 2011, 12.19.30, CET
Parser Lanciato in data:
dom 13 nov 2011, 13.19.35, CET
Parser Lanciato in data:
dom 13 nov 2011, 14.19.40, CET
Parser Lanciato in data:
dom 13 nov 2011, 15.19.44, CET
Parser Lanciato in data:
dom 13 nov 2011, 16.19.49, CET
Parser Lanciato in data:
dom 13 nov 2011, 17.19.54, CET
Parser Lanciato in data:
dom 13 nov 2011, 18.19.59, CET
Parser Lanciato in data:
dom 13 nov 2011, 19.20.03, CET
Parser Lanciato in data:
dom 13 nov 2011, 20.20.08, CET
Parser Lanciato in data:
dom 13 nov 2011, 21.20.13, CET
Parser Lanciato in data:
dom 13 nov 2011, 22.20.18, CET
Parser Lanciato in data:
dom 13 nov 2011, 23.20.22, CET
Parser Lanciato in data:
lun 14 nov 2011, 00.20.27, CET
Parser Lanciato in data:
lun 14 nov 2011, 01.20.31, CET
Parser Lanciato in data:
lun 14 nov 2011, 02.20.36, CET
Parser Lanciato in data:
lun 14 nov 2011, 03.20.40, CET
Parser Lanciato in data:
lun 14 nov 2011, 04.20.45, CET
Parser Lanciato in data:
lun 14 nov 2011, 05.20.50, CET
Parser Lanciato in data:
lun 14 nov 2011, 06.20.54, CET
Parser Lanciato in data:
lun 14 nov 2011, 07.20.58, CET
Parser Lanciato in data:
lun 14 nov 2011, 08.21.02, CET
Parser Lanciato in data:
lun 14 nov 2011, 09.21.07, CET
Parser Lanciato in data:
lun 14 nov 2011, 10.21.11, CET
Parser Lanciato in data:
lun 14 nov 2011, 11.21.16, CET
Parser Lanciato in data:
lun 14 nov 2011, 12.21.20, CET
Parser Lanciato in data:
lun 14 nov 2011, 13.21.25, CET
Parser Lanciato in data:
lun 14 nov 2011, 14.21.30, CET
Parser Lanciato in data:
lun 14 nov 2011, 15.21.35, CET
Parser Lanciato in data:
lun 14 nov 2011, 16.21.39, CET
Parser Lanciato in data:
lun 14 nov 2011, 17.21.44, CET
Parser Lanciato in data:
lun 14 nov 2011, 18.21.48, CET
Parser Lanciato in data:
lun 14 nov 2011, 19.21.53, CET
Parser Lanciato in data:
lun 14 nov 2011, 20.21.57, CET
Parser Lanciato in data:
lun 14 nov 2011, 21.22.02, CET
Parser Lanciato in data:
lun 14 nov 2011, 22.22.07, CET
Parser Lanciato in data:
lun 14 nov 2011, 23.22.11, CET
Parser Lanciato in data:
mar 15 nov 2011, 00.22.15, CET
Parser Lanciato in data:
mar 15 nov 2011, 01.22.20, CET
Parser Lanciato in data:
mar 15 nov 2011, 02.22.25, CET
Parser Lanciato in data:
mar 15 nov 2011, 03.22.29, CET
Parser Lanciato in data:
mar 15 nov 2011, 04.22.34, CET
Parser Lanciato in data:
mar 15 nov 2011, 05.22.39, CET
Parser Lanciato in data:
mar 15 nov 2011, 06.22.43, CET
Parser Lanciato in data:
mar 15 nov 2011, 07.22.48, CET
Parser Lanciato in data:
mar 15 nov 2011, 08.22.53, CET
Parser Lanciato in data:
mar 15 nov 2011, 09.22.58, CET
Parser Lanciato in data:
mar 15 nov 2011, 10.23.02, CET
Parser Lanciato in data:
mar 15 nov 2011, 11.23.07, CET
Parser Lanciato in data:
mar 15 nov 2011, 12.23.11, CET
Parser Lanciato in data:
mar 15 nov 2011, 13.23.16, CET
Parser Lanciato in data:
mar 15 nov 2011, 14.23.20, CET
Parser Lanciato in data:
mar 15 nov 2011, 15.23.25, CET
Parser Lanciato in data:
mar 15 nov 2011, 16.23.30, CET
Parser Lanciato in data:
mar 15 nov 2011, 17.23.35, CET
Parser Lanciato in data:
mar 15 nov 2011, 18.23.41, CET
Parser Lanciato in data:
mar 15 nov 2011, 19.23.50, CET
Parser Lanciato in data:
gio 17 nov 2011, 16.18.14, CET
Parser Lanciato in data:
gio 17 nov 2011, 17.18.26, CET
Parser Lanciato in data:
gio 17 nov 2011, 18.18.35, CET
Parser Lanciato in data:
gio 17 nov 2011, 19.18.43, CET
Parser Lanciato in data:
gio 17 nov 2011, 20.18.51, CET
Parser Lanciato in data:
gio 17 nov 2011, 21.18.59, CET
Parser Lanciato in data:
gio 17 nov 2011, 22.19.06, CET
Parser Lanciato in data:
gio 17 nov 2011, 23.19.13, CET
Parser Lanciato in data:
ven 18 nov 2011, 00.19.22, CET
Parser Lanciato in data:
ven 18 nov 2011, 01.19.31, CET
Parser Lanciato in data:
ven 18 nov 2011, 02.19.40, CET
Parser Lanciato in data:
ven 18 nov 2011, 03.19.48, CET
Parser Lanciato in data:
ven 18 nov 2011, 04.19.57, CET
Parser Lanciato in data:
ven 18 nov 2011, 05.20.05, CET
Parser Lanciato in data:
ven 18 nov 2011, 06.20.14, CET
Parser Lanciato in data:
ven 18 nov 2011, 07.20.22, CET
Parser Lanciato in data:
ven 18 nov 2011, 08.20.32, CET
Parser Lanciato in data:
ven 18 nov 2011, 09.20.41, CET
Parser Lanciato in data:
ven 18 nov 2011, 10.20.50, CET
Parser Lanciato in data:
ven 18 nov 2011, 11.20.58, CET
Parser Lanciato in data:
ven 18 nov 2011, 12.21.07, CET
Parser Lanciato in data:
ven 18 nov 2011, 13.21.16, CET
Parser Lanciato in data:
ven 18 nov 2011, 14.21.25, CET
Parser Lanciato in data:
ven 18 nov 2011, 15.21.34, CET
Parser Lanciato in data:
ven 18 nov 2011, 16.21.43, CET
Parser Lanciato in data:
ven 18 nov 2011, 17.21.56, CET
Parser Lanciato in data:
ven 18 nov 2011, 18.22.08, CET
Parser Lanciato in data:
ven 18 nov 2011, 19.22.19, CET
Parser Lanciato in data:
ven 18 nov 2011, 20.22.34, CET
Parser Lanciato in data:
ven 18 nov 2011, 21.22.47, CET
Parser Lanciato in data:
ven 18 nov 2011, 22.22.58, CET
Parser Lanciato in data:
ven 18 nov 2011, 23.23.12, CET
Parser Lanciato in data:
sab 19 nov 2011, 00.23.27, CET
Parser Lanciato in data:
sab 19 nov 2011, 01.23.44, CET
Parser Lanciato in data:
sab 19 nov 2011, 02.24.04, CET
Parser Lanciato in data:
sab 19 nov 2011, 03.24.24, CET
Parser Lanciato in data:
sab 19 nov 2011, 04.24.44, CET
Parser Lanciato in data:
sab 19 nov 2011, 05.25.05, CET
Parser Lanciato in data:
sab 19 nov 2011, 06.25.24, CET
Parser Lanciato in data:
sab 19 nov 2011, 07.25.45, CET
Parser Lanciato in data:
sab 19 nov 2011, 08.26.05, CET
Parser Lanciato in data:
sab 19 nov 2011, 09.26.25, CET
Parser Lanciato in data:
sab 19 nov 2011, 10.26.45, CET
Parser Lanciato in data:
sab 19 nov 2011, 11.27.03, CET
Parser Lanciato in data:
sab 19 nov 2011, 12.27.23, CET
Parser Lanciato in data:
sab 19 nov 2011, 13.27.42, CET
Parser Lanciato in data:
sab 19 nov 2011, 14.27.50, CET
Parser Lanciato in data:
sab 19 nov 2011, 15.27.53, CET
Parser Lanciato in data:
sab 19 nov 2011, 16.27.59, CET
Parser Lanciato in data:
sab 19 nov 2011, 17.28.01, CET
Parser Lanciato in data:
sab 19 nov 2011, 18.28.04, CET
Parser Lanciato in data:
sab 19 nov 2011, 19.28.06, CET
Parser Lanciato in data:
sab 19 nov 2011, 20.28.09, CET
Parser Lanciato in data:
sab 19 nov 2011, 21.28.12, CET
Parser Lanciato in data:
sab 19 nov 2011, 22.28.14, CET
Parser Lanciato in data:
sab 19 nov 2011, 23.28.16, CET
Parser Lanciato in data:
dom 20 nov 2011, 00.28.20, CET
Parser Lanciato in data:
dom 20 nov 2011, 01.28.22, CET
Parser Lanciato in data:
dom 20 nov 2011, 02.28.24, CET
Parser Lanciato in data:
dom 20 nov 2011, 03.28.27, CET
Parser Lanciato in data:
dom 20 nov 2011, 04.28.29, CET
Parser Lanciato in data:
dom 20 nov 2011, 05.28.32, CET
Parser Lanciato in data:
dom 20 nov 2011, 06.28.35, CET
Parser Lanciato in data:
dom 20 nov 2011, 07.28.38, CET
Parser Lanciato in data:
dom 20 nov 2011, 08.28.41, CET
Parser Lanciato in data:
dom 20 nov 2011, 09.28.43, CET
Parser Lanciato in data:
dom 20 nov 2011, 10.28.46, CET
Parser Lanciato in data:
dom 20 nov 2011, 11.28.48, CET
Parser Lanciato in data:
dom 20 nov 2011, 12.28.51, CET
Parser Lanciato in data:
dom 20 nov 2011, 13.28.53, CET
Parser Lanciato in data:
dom 20 nov 2011, 14.28.57, CET
Parser Lanciato in data:
dom 20 nov 2011, 15.29.00, CET
Parser Lanciato in data:
dom 20 nov 2011, 16.29.04, CET
Parser Lanciato in data:
dom 20 nov 2011, 17.29.07, CET
Parser Lanciato in data:
dom 20 nov 2011, 18.29.10, CET
Parser Lanciato in data:
dom 20 nov 2011, 19.29.13, CET
Parser Lanciato in data:
dom 20 nov 2011, 20.29.16, CET
Parser Lanciato in data:
dom 20 nov 2011, 21.29.19, CET
Parser Lanciato in data:
dom 20 nov 2011, 22.29.21, CET
Parser Lanciato in data:
dom 20 nov 2011, 23.29.23, CET
Parser Lanciato in data:
lun 21 nov 2011, 00.29.26, CET
Parser Lanciato in data:
lun 21 nov 2011, 01.29.28, CET
Parser Lanciato in data:
lun 21 nov 2011, 02.29.31, CET
Parser Lanciato in data:
lun 21 nov 2011, 03.29.33, CET
Parser Lanciato in data:
lun 21 nov 2011, 04.29.36, CET
Parser Lanciato in data:
lun 21 nov 2011, 05.29.38, CET
Parser Lanciato in data:
lun 21 nov 2011, 06.29.41, CET
Parser Lanciato in data:
lun 21 nov 2011, 07.29.44, CET
Parser Lanciato in data:
lun 21 nov 2011, 08.29.46, CET
Parser Lanciato in data:
lun 21 nov 2011, 09.29.49, CET
Parser Lanciato in data:
lun 21 nov 2011, 10.29.51, CET
Parser Lanciato in data:
lun 21 nov 2011, 11.29.54, CET
Parser Lanciato in data:
lun 21 nov 2011, 12.29.56, CET
Parser Lanciato in data:
lun 21 nov 2011, 13.29.59, CET
Parser Lanciato in data:
lun 21 nov 2011, 14.30.01, CET
Parser Lanciato in data:
lun 21 nov 2011, 15.30.04, CET
Parser Lanciato in data:
lun 21 nov 2011, 16.30.06, CET
Parser Lanciato in data:
lun 21 nov 2011, 17.30.09, CET
Parser Lanciato in data:
lun 21 nov 2011, 18.30.11, CET
Parser Lanciato in data:
lun 21 nov 2011, 19.30.14, CET
Parser Lanciato in data:
lun 21 nov 2011, 20.30.17, CET
Parser Lanciato in data:
lun 21 nov 2011, 21.30.19, CET
Parser Lanciato in data:
lun 21 nov 2011, 22.30.22, CET
Parser Lanciato in data:
lun 21 nov 2011, 23.30.24, CET
Parser Lanciato in data:
mar 22 nov 2011, 00.30.26, CET
Parser Lanciato in data:
mar 22 nov 2011, 01.30.28, CET
Parser Lanciato in data:
mar 22 nov 2011, 02.30.31, CET
Parser Lanciato in data:
mar 22 nov 2011, 03.30.33, CET
Parser Lanciato in data:
mar 22 nov 2011, 04.30.35, CET
Parser Lanciato in data:
mar 22 nov 2011, 05.30.38, CET
Parser Lanciato in data:
mar 22 nov 2011, 06.30.41, CET
Parser Lanciato in data:
mar 22 nov 2011, 07.30.43, CET
Parser Lanciato in data:
mar 22 nov 2011, 08.30.46, CET
Parser Lanciato in data:
mar 22 nov 2011, 09.30.48, CET
Parser Lanciato in data:
mar 22 nov 2011, 10.30.51, CET
Parser Lanciato in data:
mar 22 nov 2011, 11.30.53, CET
Parser Lanciato in data:
mar 22 nov 2011, 12.30.56, CET
Parser Lanciato in data:
mar 22 nov 2011, 13.30.59, CET
Parser Lanciato in data:
mar 22 nov 2011, 14.31.01, CET
Parser Lanciato in data:
mar 22 nov 2011, 15.31.04, CET
Parser Lanciato in data:
mar 22 nov 2011, 16.31.07, CET
Parser Lanciato in data:
mar 22 nov 2011, 17.31.09, CET
Parser Lanciato in data:
mar 22 nov 2011, 18.31.12, CET
Parser Lanciato in data:
mar 22 nov 2011, 19.31.15, CET
Parser Lanciato in data:
mar 22 nov 2011, 20.31.18, CET
Parser Lanciato in data:
mar 22 nov 2011, 21.31.20, CET
Parser Lanciato in data:
mar 22 nov 2011, 22.31.23, CET
Parser Lanciato in data:
mar 22 nov 2011, 23.31.25, CET
Parser Lanciato in data:
mer 23 nov 2011, 00.31.28, CET
Parser Lanciato in data:
mer 23 nov 2011, 01.31.31, CET
Parser Lanciato in data:
mer 23 nov 2011, 02.31.34, CET
Parser Lanciato in data:
mer 23 nov 2011, 03.31.36, CET
Parser Lanciato in data:
mer 23 nov 2011, 04.31.38, CET
Parser Lanciato in data:
mer 23 nov 2011, 05.31.41, CET
Parser Lanciato in data:
mer 23 nov 2011, 06.31.43, CET
Parser Lanciato in data:
mer 23 nov 2011, 07.31.46, CET
Parser Lanciato in data:
mer 23 nov 2011, 08.31.48, CET
Parser Lanciato in data:
mer 23 nov 2011, 09.31.51, CET
Parser Lanciato in data:
mer 23 nov 2011, 10.31.54, CET
Parser Lanciato in data:
mer 23 nov 2011, 11.31.56, CET
Parser Lanciato in data:
mer 23 nov 2011, 12.31.58, CET
Parser Lanciato in data:
mer 23 nov 2011, 13.32.01, CET
Parser Lanciato in data:
mer 23 nov 2011, 14.32.03, CET
Parser Lanciato in data:
mer 23 nov 2011, 15.32.06, CET
Parser Lanciato in data:
mer 23 nov 2011, 16.32.09, CET
Parser Lanciato in data:
mer 23 nov 2011, 17.32.11, CET
Parser Lanciato in data:
mer 23 nov 2011, 18.32.14, CET
Parser Lanciato in data:
mer 23 nov 2011, 19.32.17, CET
Parser Lanciato in data:
mer 23 nov 2011, 20.32.20, CET
Parser Lanciato in data:
mer 23 nov 2011, 21.32.23, CET
Parser Lanciato in data:
mer 23 nov 2011, 22.32.25, CET
Parser Lanciato in data:
mer 23 nov 2011, 23.32.28, CET
Parser Lanciato in data:
gio 24 nov 2011, 00.32.30, CET
Parser Lanciato in data:
gio 24 nov 2011, 01.32.32, CET
Parser Lanciato in data:
gio 24 nov 2011, 02.32.35, CET
Parser Lanciato in data:
gio 24 nov 2011, 03.32.37, CET
Parser Lanciato in data:
gio 24 nov 2011, 04.32.40, CET
Parser Lanciato in data:
gio 24 nov 2011, 05.32.42, CET
Parser Lanciato in data:
gio 24 nov 2011, 06.32.45, CET
Parser Lanciato in data:
gio 24 nov 2011, 07.32.47, CET
Parser Lanciato in data:
gio 24 nov 2011, 08.32.50, CET
Parser Lanciato in data:
gio 24 nov 2011, 09.32.52, CET
Parser Lanciato in data:
gio 24 nov 2011, 10.32.54, CET
Parser Lanciato in data:
gio 24 nov 2011, 11.32.57, CET
Parser Lanciato in data:
gio 24 nov 2011, 12.33.00, CET
Parser Lanciato in data:
gio 24 nov 2011, 13.33.02, CET
Parser Lanciato in data:
gio 24 nov 2011, 14.33.05, CET
Parser Lanciato in data:
gio 24 nov 2011, 15.33.08, CET
Parser Lanciato in data:
gio 24 nov 2011, 16.33.11, CET
Parser Lanciato in data:
gio 24 nov 2011, 17.33.16, CET
Parser Lanciato in data:
gio 24 nov 2011, 18.33.20, CET
Parser Lanciato in data:
gio 24 nov 2011, 19.33.24, CET
Parser Lanciato in data:
gio 24 nov 2011, 20.33.29, CET
Parser Lanciato in data:
gio 24 nov 2011, 21.33.32, CET
Parser Lanciato in data:
gio 24 nov 2011, 22.33.36, CET
Parser Lanciato in data:
gio 24 nov 2011, 23.33.40, CET
Parser Lanciato in data:
ven 25 nov 2011, 00.33.43, CET
Parser Lanciato in data:
ven 25 nov 2011, 01.33.47, CET
Parser Lanciato in data:
ven 25 nov 2011, 02.33.52, CET
Parser Lanciato in data:
ven 25 nov 2011, 03.33.55, CET
Parser Lanciato in data:
ven 25 nov 2011, 04.33.59, CET
Parser Lanciato in data:
ven 25 nov 2011, 05.34.02, CET
Parser Lanciato in data:
ven 25 nov 2011, 06.34.06, CET
Parser Lanciato in data:
ven 25 nov 2011, 07.34.10, CET
Parser Lanciato in data:
ven 25 nov 2011, 08.34.15, CET
Parser Lanciato in data:
ven 25 nov 2011, 09.34.18, CET
Parser Lanciato in data:
ven 25 nov 2011, 10.34.23, CET
Parser Lanciato in data:
ven 25 nov 2011, 11.34.26, CET
Parser Lanciato in data:
ven 25 nov 2011, 12.34.31, CET
Parser Lanciato in data:
ven 25 nov 2011, 13.34.34, CET
Parser Lanciato in data:
ven 25 nov 2011, 14.34.38, CET
Parser Lanciato in data:
ven 25 nov 2011, 15.34.42, CET
Parser Lanciato in data:
ven 25 nov 2011, 16.34.46, CET
Parser Lanciato in data:
ven 25 nov 2011, 17.34.51, CET
Parser Lanciato in data:
ven 25 nov 2011, 18.34.56, CET
Parser Lanciato in data:
ven 25 nov 2011, 19.35.03, CET
Parser Lanciato in data:
ven 25 nov 2011, 20.35.09, CET
Parser Lanciato in data:
ven 25 nov 2011, 21.35.14, CET
Parser Lanciato in data:
ven 25 nov 2011, 22.35.18, CET
Parser Lanciato in data:
ven 25 nov 2011, 23.35.22, CET
Parser Lanciato in data:
sab 26 nov 2011, 00.35.26, CET
Parser Lanciato in data:
sab 26 nov 2011, 01.35.30, CET
Parser Lanciato in data:
sab 26 nov 2011, 02.35.35, CET
Parser Lanciato in data:
sab 26 nov 2011, 03.35.40, CET
Parser Lanciato in data:
sab 26 nov 2011, 04.35.44, CET
Parser Lanciato in data:
sab 26 nov 2011, 05.35.49, CET
Parser Lanciato in data:
sab 26 nov 2011, 06.35.53, CET
Parser Lanciato in data:
sab 26 nov 2011, 07.35.58, CET
Parser Lanciato in data:
sab 26 nov 2011, 08.36.02, CET
Parser Lanciato in data:
sab 26 nov 2011, 09.36.07, CET
Parser Lanciato in data:
sab 26 nov 2011, 10.36.13, CET
Parser Lanciato in data:
sab 26 nov 2011, 11.36.18, CET
Parser Lanciato in data:
sab 26 nov 2011, 12.36.23, CET
Parser Lanciato in data:
sab 26 nov 2011, 13.36.28, CET
Parser Lanciato in data:
sab 26 nov 2011, 14.36.33, CET
Parser Lanciato in data:
sab 26 nov 2011, 15.36.38, CET
Parser Lanciato in data:
sab 26 nov 2011, 16.36.44, CET
Parser Lanciato in data:
sab 26 nov 2011, 17.36.49, CET
Parser Lanciato in data:
sab 26 nov 2011, 18.36.54, CET
Parser Lanciato in data:
sab 26 nov 2011, 19.36.59, CET
Parser Lanciato in data:
sab 26 nov 2011, 20.37.04, CET
Parser Lanciato in data:
sab 26 nov 2011, 21.37.09, CET
Parser Lanciato in data:
sab 26 nov 2011, 22.37.13, CET
Parser Lanciato in data:
sab 26 nov 2011, 23.37.18, CET
Parser Lanciato in data:
dom 27 nov 2011, 00.37.23, CET
Parser Lanciato in data:
dom 27 nov 2011, 01.37.27, CET
Parser Lanciato in data:
dom 27 nov 2011, 02.37.32, CET
Parser Lanciato in data:
dom 27 nov 2011, 03.37.36, CET
Parser Lanciato in data:
dom 27 nov 2011, 04.37.41, CET
Parser Lanciato in data:
dom 27 nov 2011, 05.37.46, CET
Parser Lanciato in data:
dom 27 nov 2011, 06.37.50, CET
Parser Lanciato in data:
dom 27 nov 2011, 07.37.55, CET
Parser Lanciato in data:
dom 27 nov 2011, 08.38.00, CET
Parser Lanciato in data:
dom 27 nov 2011, 09.38.05, CET
Parser Lanciato in data:
dom 27 nov 2011, 10.38.10, CET
Parser Lanciato in data:
dom 27 nov 2011, 11.38.15, CET
Parser Lanciato in data:
dom 27 nov 2011, 12.38.20, CET
Parser Lanciato in data:
dom 27 nov 2011, 13.38.24, CET
Parser Lanciato in data:
dom 27 nov 2011, 14.38.30, CET
Parser Lanciato in data:
dom 27 nov 2011, 15.38.35, CET
Parser Lanciato in data:
dom 27 nov 2011, 16.38.40, CET
Parser Lanciato in data:
dom 27 nov 2011, 17.38.44, CET
Parser Lanciato in data:
dom 27 nov 2011, 18.38.49, CET
Parser Lanciato in data:
dom 27 nov 2011, 19.38.54, CET
Parser Lanciato in data:
dom 27 nov 2011, 20.38.59, CET
Parser Lanciato in data:
dom 27 nov 2011, 21.39.04, CET
Parser Lanciato in data:
sab  3 dic 2011, 16.38.51, CET
Parser Lanciato in data:
sab  3 dic 2011, 17.38.58, CET
Parser Lanciato in data:
sab  3 dic 2011, 18.39.06, CET
Parser Lanciato in data:
sab  3 dic 2011, 19.39.15, CET
Parser Lanciato in data:
sab  3 dic 2011, 20.39.27, CET
Parser Lanciato in data:
sab  3 dic 2011, 21.39.39, CET
Parser Lanciato in data:
sab  3 dic 2011, 22.39.51, CET
Parser Lanciato in data:
sab  3 dic 2011, 23.40.01, CET
Parser Lanciato in data:
dom  4 dic 2011, 00.40.12, CET
Parser Lanciato in data:
dom  4 dic 2011, 01.40.23, CET
Parser Lanciato in data:
dom  4 dic 2011, 02.40.35, CET
Parser Lanciato in data:
dom  4 dic 2011, 03.40.46, CET
Parser Lanciato in data:
dom  4 dic 2011, 04.40.57, CET
Parser Lanciato in data:
dom  4 dic 2011, 05.41.08, CET
Parser Lanciato in data:
dom  4 dic 2011, 06.41.19, CET
Parser Lanciato in data:
dom  4 dic 2011, 07.41.30, CET
Parser Lanciato in data:
dom  4 dic 2011, 08.41.41, CET
Parser Lanciato in data:
dom  4 dic 2011, 09.41.53, CET
Parser Lanciato in data:
dom  4 dic 2011, 10.42.05, CET
Parser Lanciato in data:
dom  4 dic 2011, 11.42.18, CET
Parser Lanciato in data:
dom  4 dic 2011, 12.42.28, CET
Parser Lanciato in data:
dom  4 dic 2011, 13.42.38, CET
Parser Lanciato in data:
dom  4 dic 2011, 14.42.47, CET
Parser Lanciato in data:
dom  4 dic 2011, 15.42.53, CET
Parser Lanciato in data:
dom  4 dic 2011, 16.43.01, CET
Parser Lanciato in data:
dom  4 dic 2011, 17.43.07, CET
Parser Lanciato in data:
dom  4 dic 2011, 18.43.14, CET
Parser Lanciato in data:
dom  4 dic 2011, 19.43.21, CET
Parser Lanciato in data:
dom  4 dic 2011, 20.43.27, CET
Parser Lanciato in data:
dom  4 dic 2011, 21.43.34, CET
Parser Lanciato in data:
dom  4 dic 2011, 22.43.41, CET
Parser Lanciato in data:
dom  4 dic 2011, 23.43.47, CET
Parser Lanciato in data:
lun  5 dic 2011, 00.43.53, CET
Parser Lanciato in data:
lun  5 dic 2011, 01.44.00, CET
Parser Lanciato in data:
lun  5 dic 2011, 02.44.06, CET
Parser Lanciato in data:
lun  5 dic 2011, 03.44.11, CET
Parser Lanciato in data:
lun  5 dic 2011, 04.44.17, CET
Parser Lanciato in data:
lun  5 dic 2011, 05.44.23, CET
Parser Lanciato in data:
lun  5 dic 2011, 06.44.30, CET
Parser Lanciato in data:
lun  5 dic 2011, 07.44.36, CET
Parser Lanciato in data:
lun  5 dic 2011, 08.44.43, CET
Parser Lanciato in data:
lun  5 dic 2011, 09.44.50, CET
Parser Lanciato in data:
lun  5 dic 2011, 10.44.56, CET
Parser Lanciato in data:
lun  5 dic 2011, 11.45.03, CET
Parser Lanciato in data:
lun  5 dic 2011, 12.45.10, CET
Parser Lanciato in data:
lun  5 dic 2011, 13.45.17, CET
Parser Lanciato in data:
lun  5 dic 2011, 14.45.24, CET
Parser Lanciato in data:
lun  5 dic 2011, 15.45.32, CET
Parser Lanciato in data:
lun  5 dic 2011, 16.45.39, CET
Parser Lanciato in data:
lun  5 dic 2011, 17.45.45, CET
Parser Lanciato in data:
lun  5 dic 2011, 18.45.52, CET
Parser Lanciato in data:
lun  5 dic 2011, 19.45.59, CET
Parser Lanciato in data:
lun  5 dic 2011, 20.46.06, CET
Parser Lanciato in data:
lun  5 dic 2011, 21.46.12, CET
Parser Lanciato in data:
lun  5 dic 2011, 22.46.19, CET
Parser Lanciato in data:
lun  5 dic 2011, 23.46.25, CET
Parser Lanciato in data:
mar  6 dic 2011, 00.46.31, CET
Parser Lanciato in data:
mar  6 dic 2011, 01.46.39, CET
Parser Lanciato in data:
mar  6 dic 2011, 02.46.45, CET
Parser Lanciato in data:
mar  6 dic 2011, 03.46.51, CET
Parser Lanciato in data:
mar  6 dic 2011, 04.46.58, CET
Parser Lanciato in data:
mar  6 dic 2011, 05.47.05, CET
Parser Lanciato in data:
mar  6 dic 2011, 06.47.12, CET
Parser Lanciato in data:
mar  6 dic 2011, 07.47.21, CET
Parser Lanciato in data:
mar  6 dic 2011, 08.47.28, CET
Parser Lanciato in data:
mar  6 dic 2011, 09.47.35, CET
Parser Lanciato in data:
mar  6 dic 2011, 10.47.42, CET
Parser Lanciato in data:
mar  6 dic 2011, 11.47.49, CET
Parser Lanciato in data:
mar  6 dic 2011, 12.47.56, CET
Parser Lanciato in data:
mar  6 dic 2011, 13.48.03, CET
Parser Lanciato in data:
mar  6 dic 2011, 14.48.10, CET
Parser Lanciato in data:
mar  6 dic 2011, 15.48.17, CET
Parser Lanciato in data:
mar  6 dic 2011, 16.48.24, CET
Parser Lanciato in data:
mar  6 dic 2011, 17.48.31, CET
Parser Lanciato in data:
mar  6 dic 2011, 18.48.38, CET
Parser Lanciato in data:
mar  6 dic 2011, 19.48.46, CET
Parser Lanciato in data:
mar  6 dic 2011, 20.48.54, CET
Parser Lanciato in data:
mar  6 dic 2011, 21.49.02, CET
Parser Lanciato in data:
mar  6 dic 2011, 22.49.09, CET
Parser Lanciato in data:
mar  6 dic 2011, 23.49.16, CET
Parser Lanciato in data:
mer  7 dic 2011, 00.49.23, CET
Parser Lanciato in data:
mer  7 dic 2011, 01.49.30, CET
Parser Lanciato in data:
mer  7 dic 2011, 02.49.36, CET
Parser Lanciato in data:
mer  7 dic 2011, 03.49.43, CET
Parser Lanciato in data:
mer  7 dic 2011, 04.49.49, CET
Parser Lanciato in data:
mer  7 dic 2011, 05.49.56, CET
Parser Lanciato in data:
mer  7 dic 2011, 06.50.02, CET
Parser Lanciato in data:
mer  7 dic 2011, 07.50.10, CET
Parser Lanciato in data:
mer  7 dic 2011, 08.50.17, CET
Parser Lanciato in data:
mer  7 dic 2011, 09.50.24, CET
Parser Lanciato in data:
mer  7 dic 2011, 10.50.30, CET
Parser Lanciato in data:
mer  7 dic 2011, 11.50.37, CET
Parser Lanciato in data:
mer  7 dic 2011, 12.50.44, CET
Parser Lanciato in data:
mer  7 dic 2011, 13.50.51, CET
Parser Lanciato in data:
mer  7 dic 2011, 14.50.58, CET
Parser Lanciato in data:
mer  7 dic 2011, 15.51.06, CET
