time=2026-06-11T21:42:36.647+02:00 level=INFO source=node_exporter.go:217 msg="Starting node_exporter" version="(version=1.11.1, branch=HEAD, revision=0dd664dece3f8319f6bec5a221acd2c7ad13a23d)"
time=2026-06-11T21:42:36.650+02:00 level=INFO source=node_exporter.go:218 msg="Build context" build_context="(go=go1.25.8, platform=darwin/arm64, user=root@c16cb1f4c295, date=20260407-15:47:53, tags=unknown)"
time=2026-06-11T21:42:36.651+02:00 level=INFO source=filesystem_common.go:263 msg="Parsed flag --collector.filesystem.mount-points-exclude" collector=filesystem flag=^/(dev)($|/)
time=2026-06-11T21:42:36.651+02:00 level=INFO source=filesystem_common.go:292 msg="Parsed flag --collector.filesystem.fs-types-exclude" collector=filesystem flag=^devfs$
time=2026-06-11T21:42:36.652+02:00 level=INFO source=node_exporter.go:136 msg="Enabled collectors"
time=2026-06-11T21:42:36.652+02:00 level=INFO source=node_exporter.go:142 msg=boottime
time=2026-06-11T21:42:36.652+02:00 level=INFO source=node_exporter.go:142 msg=cpu
time=2026-06-11T21:42:36.652+02:00 level=INFO source=node_exporter.go:142 msg=diskstats
time=2026-06-11T21:42:36.652+02:00 level=INFO source=node_exporter.go:142 msg=filesystem
time=2026-06-11T21:42:36.652+02:00 level=INFO source=node_exporter.go:142 msg=loadavg
time=2026-06-11T21:42:36.652+02:00 level=INFO source=node_exporter.go:142 msg=meminfo
time=2026-06-11T21:42:36.652+02:00 level=INFO source=node_exporter.go:142 msg=netdev
time=2026-06-11T21:42:36.652+02:00 level=INFO source=node_exporter.go:142 msg=os
time=2026-06-11T21:42:36.652+02:00 level=INFO source=node_exporter.go:142 msg=powersupplyclass
time=2026-06-11T21:42:36.652+02:00 level=INFO source=node_exporter.go:142 msg=textfile
time=2026-06-11T21:42:36.652+02:00 level=INFO source=node_exporter.go:142 msg=thermal
time=2026-06-11T21:42:36.652+02:00 level=INFO source=node_exporter.go:142 msg=time
time=2026-06-11T21:42:36.652+02:00 level=INFO source=node_exporter.go:142 msg=uname
time=2026-06-11T21:42:36.654+02:00 level=INFO source=tls_config.go:354 msg="Listening on" address=[::]:9100
time=2026-06-11T21:42:36.654+02:00 level=INFO source=tls_config.go:357 msg="TLS is disabled." http2=false address=[::]:9100
time=2026-06-11T21:42:46.888+02:00 level=ERROR source=collector.go:168 msg="collector failed" name=thermal duration_seconds=0.001283041 err="no CPU power status has been recorded"
time=2026-06-11T21:42:51.875+02:00 level=ERROR source=collector.go:168 msg="collector failed" name=thermal duration_seconds=0.000401959 err="no CPU power status has been recorded"
time=2026-06-11T21:42:56.878+02:00 level=ERROR source=collector.go:168 msg="collector failed" name=thermal duration_seconds=0.000922917 err="no CPU power status has been recorded"
time=2026-06-11T21:43:01.877+02:00 level=ERROR source=collector.go:168 msg="collector failed" name=thermal duration_seconds=0.002436792 err="no CPU power status has been recorded"
time=2026-06-11T21:43:06.877+02:00 level=ERROR source=collector.go:168 msg="collector failed" name=thermal duration_seconds=0.001384666 err="no CPU power status has been recorded"
time=2026-06-11T21:43:11.876+02:00 level=ERROR source=collector.go:168 msg="collector failed" name=thermal duration_seconds=0.001563 err="no CPU power status has been recorded"
time=2026-06-11T21:43:16.875+02:00 level=ERROR source=collector.go:168 msg="collector failed" name=thermal duration_seconds=0.000457167 err="no CPU power status has been recorded"
time=2026-06-11T21:43:21.875+02:00 level=ERROR source=collector.go:168 msg="collector failed" name=thermal duration_seconds=0.000303167 err="no CPU power status has been recorded"
time=2026-06-11T21:43:26.878+02:00 level=ERROR source=collector.go:168 msg="collector failed" name=thermal duration_seconds=0.001336084 err="no CPU power status has been recorded"
time=2026-06-11T21:43:31.876+02:00 level=ERROR source=collector.go:168 msg="collector failed" name=thermal duration_seconds=0.0012075 err="no CPU power status has been recorded"
time=2026-06-11T21:43:36.875+02:00 level=ERROR source=collector.go:168 msg="collector failed" name=thermal duration_seconds=0.000297625 err="no CPU power status has been recorded"
time=2026-06-11T21:43:41.876+02:00 level=ERROR source=collector.go:168 msg="collector failed" name=thermal duration_seconds=0.00051775 err="no CPU power status has been recorded"
time=2026-06-11T21:43:46.877+02:00 level=ERROR source=collector.go:168 msg="collector failed" name=thermal duration_seconds=0.00031 err="no CPU power status has been recorded"
time=2026-06-11T21:43:51.875+02:00 level=ERROR source=collector.go:168 msg="collector failed" name=thermal duration_seconds=0.000328458 err="no CPU power status has been recorded"
time=2026-06-11T21:43:56.877+02:00 level=ERROR source=collector.go:168 msg="collector failed" name=thermal duration_seconds=0.001744458 err="no CPU power status has been recorded"
time=2026-06-11T21:44:01.876+02:00 level=ERROR source=collector.go:168 msg="collector failed" name=thermal duration_seconds=0.001333375 err="no CPU power status has been recorded"
time=2026-06-11T21:44:06.879+02:00 level=ERROR source=collector.go:168 msg="collector failed" name=thermal duration_seconds=0.002357958 err="no CPU power status has been recorded"
time=2026-06-11T21:44:11.874+02:00 level=ERROR source=collector.go:168 msg="collector failed" name=thermal duration_seconds=0.000157875 err="no CPU power status has been recorded"
time=2026-06-11T21:44:16.876+02:00 level=ERROR source=collector.go:168 msg="collector failed" name=thermal duration_seconds=0.000282958 err="no CPU power status has been recorded"
time=2026-06-11T21:44:21.876+02:00 level=ERROR source=collector.go:168 msg="collector failed" name=thermal duration_seconds=0.000271 err="no CPU power status has been recorded"
time=2026-06-11T21:44:26.875+02:00 level=ERROR source=collector.go:168 msg="collector failed" name=thermal duration_seconds=0.000335542 err="no CPU power status has been recorded"
time=2026-06-11T21:44:31.877+02:00 level=ERROR source=collector.go:168 msg="collector failed" name=thermal duration_seconds=0.000548541 err="no CPU power status has been recorded"
time=2026-06-11T21:44:36.877+02:00 level=ERROR source=collector.go:168 msg="collector failed" name=thermal duration_seconds=0.001397542 err="no CPU power status has been recorded"
time=2026-06-11T21:44:41.877+02:00 level=ERROR source=collector.go:168 msg="collector failed" name=thermal duration_seconds=0.000230166 err="no CPU power status has been recorded"
time=2026-06-11T21:44:46.876+02:00 level=ERROR source=collector.go:168 msg="collector failed" name=thermal duration_seconds=0.000330125 err="no CPU power status has been recorded"
time=2026-06-11T21:44:51.877+02:00 level=ERROR source=collector.go:168 msg="collector failed" name=thermal duration_seconds=0.0016545 err="no CPU power status has been recorded"
time=2026-06-11T21:44:56.878+02:00 level=ERROR source=collector.go:168 msg="collector failed" name=thermal duration_seconds=0.003006792 err="no CPU power status has been recorded"
time=2026-06-11T21:45:01.877+02:00 level=ERROR source=collector.go:168 msg="collector failed" name=thermal duration_seconds=0.002037209 err="no CPU power status has been recorded"
time=2026-06-11T21:45:06.876+02:00 level=ERROR source=collector.go:168 msg="collector failed" name=thermal duration_seconds=0.000488958 err="no CPU power status has been recorded"
time=2026-06-11T21:45:11.876+02:00 level=ERROR source=collector.go:168 msg="collector failed" name=thermal duration_seconds=0.0013825 err="no CPU power status has been recorded"
time=2026-06-11T21:45:16.876+02:00 level=ERROR source=collector.go:168 msg="collector failed" name=thermal duration_seconds=0.001756666 err="no CPU power status has been recorded"
time=2026-06-11T21:45:21.875+02:00 level=ERROR source=collector.go:168 msg="collector failed" name=thermal duration_seconds=0.0001855 err="no CPU power status has been recorded"
time=2026-06-11T21:45:26.875+02:00 level=ERROR source=collector.go:168 msg="collector failed" name=thermal duration_seconds=0.000404792 err="no CPU power status has been recorded"
time=2026-06-11T21:45:31.875+02:00 level=ERROR source=collector.go:168 msg="collector failed" name=thermal duration_seconds=0.000194334 err="no CPU power status has been recorded"
time=2026-06-11T21:45:36.875+02:00 level=ERROR source=collector.go:168 msg="collector failed" name=thermal duration_seconds=0.000335666 err="no CPU power status has been recorded"
time=2026-06-11T21:45:41.874+02:00 level=ERROR source=collector.go:168 msg="collector failed" name=thermal duration_seconds=0.00018675 err="no CPU power status has been recorded"
time=2026-06-11T21:45:46.875+02:00 level=ERROR source=collector.go:168 msg="collector failed" name=thermal duration_seconds=0.000310833 err="no CPU power status has been recorded"
time=2026-06-11T21:45:51.875+02:00 level=ERROR source=collector.go:168 msg="collector failed" name=thermal duration_seconds=0.000422084 err="no CPU power status has been recorded"
time=2026-06-11T21:45:56.875+02:00 level=ERROR source=collector.go:168 msg="collector failed" name=thermal duration_seconds=0.000329041 err="no CPU power status has been recorded"
time=2026-06-11T21:46:01.875+02:00 level=ERROR source=collector.go:168 msg="collector failed" name=thermal duration_seconds=0.001012167 err="no CPU power status has been recorded"
time=2026-06-11T21:46:06.875+02:00 level=ERROR source=collector.go:168 msg="collector failed" name=thermal duration_seconds=0.000503875 err="no CPU power status has been recorded"
time=2026-06-11T21:46:11.879+02:00 level=ERROR source=collector.go:168 msg="collector failed" name=thermal duration_seconds=0.001503417 err="no CPU power status has been recorded"
time=2026-06-11T21:46:16.876+02:00 level=ERROR source=collector.go:168 msg="collector failed" name=thermal duration_seconds=0.000626042 err="no CPU power status has been recorded"
time=2026-06-11T21:46:21.878+02:00 level=ERROR source=collector.go:168 msg="collector failed" name=thermal duration_seconds=0.002212291 err="no CPU power status has been recorded"
time=2026-06-11T21:46:26.878+02:00 level=ERROR source=collector.go:168 msg="collector failed" name=thermal duration_seconds=0.002208583 err="no CPU power status has been recorded"
time=2026-06-11T21:46:31.876+02:00 level=ERROR source=collector.go:168 msg="collector failed" name=thermal duration_seconds=0.000565416 err="no CPU power status has been recorded"
time=2026-06-11T21:46:36.878+02:00 level=ERROR source=collector.go:168 msg="collector failed" name=thermal duration_seconds=0.001333541 err="no CPU power status has been recorded"
time=2026-06-11T21:46:41.877+02:00 level=ERROR source=collector.go:168 msg="collector failed" name=thermal duration_seconds=0.000534875 err="no CPU power status has been recorded"
time=2026-06-11T21:46:46.877+02:00 level=ERROR source=collector.go:168 msg="collector failed" name=thermal duration_seconds=0.000541125 err="no CPU power status has been recorded"
time=2026-06-11T21:46:51.876+02:00 level=ERROR source=collector.go:168 msg="collector failed" name=thermal duration_seconds=0.000603375 err="no CPU power status has been recorded"
time=2026-06-11T21:46:56.878+02:00 level=ERROR source=collector.go:168 msg="collector failed" name=thermal duration_seconds=0.001503459 err="no CPU power status has been recorded"
time=2026-06-11T21:47:01.877+02:00 level=ERROR source=collector.go:168 msg="collector failed" name=thermal duration_seconds=0.000861666 err="no CPU power status has been recorded"
time=2026-06-11T21:47:06.878+02:00 level=ERROR source=collector.go:168 msg="collector failed" name=thermal duration_seconds=0.002280167 err="no CPU power status has been recorded"
time=2026-06-11T21:47:11.878+02:00 level=ERROR source=collector.go:168 msg="collector failed" name=thermal duration_seconds=0.001993958 err="no CPU power status has been recorded"
time=2026-06-11T21:47:16.879+02:00 level=ERROR source=collector.go:168 msg="collector failed" name=thermal duration_seconds=0.002402416 err="no CPU power status has been recorded"
time=2026-06-11T21:47:21.878+02:00 level=ERROR source=collector.go:168 msg="collector failed" name=thermal duration_seconds=0.001768125 err="no CPU power status has been recorded"
time=2026-06-11T21:47:26.878+02:00 level=ERROR source=collector.go:168 msg="collector failed" name=thermal duration_seconds=0.002405583 err="no CPU power status has been recorded"
time=2026-06-11T21:47:31.879+02:00 level=ERROR source=collector.go:168 msg="collector failed" name=thermal duration_seconds=0.001773458 err="no CPU power status has been recorded"
time=2026-06-11T21:47:36.877+02:00 level=ERROR source=collector.go:168 msg="collector failed" name=thermal duration_seconds=0.001083542 err="no CPU power status has been recorded"
time=2026-06-11T21:47:41.878+02:00 level=ERROR source=collector.go:168 msg="collector failed" name=thermal duration_seconds=0.0007745 err="no CPU power status has been recorded"
time=2026-06-11T21:47:46.878+02:00 level=ERROR source=collector.go:168 msg="collector failed" name=thermal duration_seconds=0.002217458 err="no CPU power status has been recorded"
time=2026-06-11T21:47:51.877+02:00 level=ERROR source=collector.go:168 msg="collector failed" name=thermal duration_seconds=0.00054125 err="no CPU power status has been recorded"
time=2026-06-11T21:47:56.877+02:00 level=ERROR source=collector.go:168 msg="collector failed" name=thermal duration_seconds=0.000707125 err="no CPU power status has been recorded"
time=2026-06-11T21:48:01.877+02:00 level=ERROR source=collector.go:168 msg="collector failed" name=thermal duration_seconds=0.000441666 err="no CPU power status has been recorded"
time=2026-06-11T21:48:06.879+02:00 level=ERROR source=collector.go:168 msg="collector failed" name=thermal duration_seconds=0.000782333 err="no CPU power status has been recorded"
time=2026-06-11T21:48:11.879+02:00 level=ERROR source=collector.go:168 msg="collector failed" name=thermal duration_seconds=0.000965458 err="no CPU power status has been recorded"
time=2026-06-11T21:48:16.878+02:00 level=ERROR source=collector.go:168 msg="collector failed" name=thermal duration_seconds=0.002233833 err="no CPU power status has been recorded"
time=2026-06-11T21:48:21.878+02:00 level=ERROR source=collector.go:168 msg="collector failed" name=thermal duration_seconds=0.001039791 err="no CPU power status has been recorded"
time=2026-06-11T21:48:26.878+02:00 level=ERROR source=collector.go:168 msg="collector failed" name=thermal duration_seconds=0.002461583 err="no CPU power status has been recorded"
time=2026-06-11T21:48:31.876+02:00 level=ERROR source=collector.go:168 msg="collector failed" name=thermal duration_seconds=0.000594917 err="no CPU power status has been recorded"
time=2026-06-11T21:48:36.877+02:00 level=ERROR source=collector.go:168 msg="collector failed" name=thermal duration_seconds=0.001031292 err="no CPU power status has been recorded"
time=2026-06-11T21:48:41.877+02:00 level=ERROR source=collector.go:168 msg="collector failed" name=thermal duration_seconds=0.000242125 err="no CPU power status has been recorded"
time=2026-06-11T21:48:46.877+02:00 level=ERROR source=collector.go:168 msg="collector failed" name=thermal duration_seconds=0.000514708 err="no CPU power status has been recorded"
time=2026-06-11T21:48:51.879+02:00 level=ERROR source=collector.go:168 msg="collector failed" name=thermal duration_seconds=0.000584958 err="no CPU power status has been recorded"
time=2026-06-11T21:48:56.878+02:00 level=ERROR source=collector.go:168 msg="collector failed" name=thermal duration_seconds=0.000512333 err="no CPU power status has been recorded"
time=2026-06-11T21:49:01.879+02:00 level=ERROR source=collector.go:168 msg="collector failed" name=thermal duration_seconds=0.0006635 err="no CPU power status has been recorded"
time=2026-06-11T21:49:06.881+02:00 level=ERROR source=collector.go:168 msg="collector failed" name=thermal duration_seconds=0.000746667 err="no CPU power status has been recorded"
time=2026-06-11T21:49:11.877+02:00 level=ERROR source=collector.go:168 msg="collector failed" name=thermal duration_seconds=0.0005315 err="no CPU power status has been recorded"
time=2026-06-11T21:49:16.879+02:00 level=ERROR source=collector.go:168 msg="collector failed" name=thermal duration_seconds=0.000871666 err="no CPU power status has been recorded"
time=2026-06-11T21:49:21.879+02:00 level=ERROR source=collector.go:168 msg="collector failed" name=thermal duration_seconds=0.000496208 err="no CPU power status has been recorded"
time=2026-06-11T21:49:26.879+02:00 level=ERROR source=collector.go:168 msg="collector failed" name=thermal duration_seconds=0.002150541 err="no CPU power status has been recorded"
time=2026-06-11T21:49:31.879+02:00 level=ERROR source=collector.go:168 msg="collector failed" name=thermal duration_seconds=0.002165083 err="no CPU power status has been recorded"
time=2026-06-11T21:49:36.879+02:00 level=ERROR source=collector.go:168 msg="collector failed" name=thermal duration_seconds=0.000447875 err="no CPU power status has been recorded"
time=2026-06-11T21:49:41.878+02:00 level=ERROR source=collector.go:168 msg="collector failed" name=thermal duration_seconds=0.000636083 err="no CPU power status has been recorded"
time=2026-06-11T21:49:46.876+02:00 level=ERROR source=collector.go:168 msg="collector failed" name=thermal duration_seconds=0.000553083 err="no CPU power status has been recorded"
time=2026-06-11T21:49:51.879+02:00 level=ERROR source=collector.go:168 msg="collector failed" name=thermal duration_seconds=0.000706958 err="no CPU power status has been recorded"
time=2026-06-11T21:49:56.878+02:00 level=ERROR source=collector.go:168 msg="collector failed" name=thermal duration_seconds=0.000632166 err="no CPU power status has been recorded"
time=2026-06-11T21:50:01.880+02:00 level=ERROR source=collector.go:168 msg="collector failed" name=thermal duration_seconds=0.003043708 err="no CPU power status has been recorded"
time=2026-06-11T21:50:06.881+02:00 level=ERROR source=collector.go:168 msg="collector failed" name=thermal duration_seconds=0.002831709 err="no CPU power status has been recorded"
time=2026-06-11T21:50:11.879+02:00 level=ERROR source=collector.go:168 msg="collector failed" name=thermal duration_seconds=0.00231225 err="no CPU power status has been recorded"
time=2026-06-11T21:50:16.879+02:00 level=ERROR source=collector.go:168 msg="collector failed" name=thermal duration_seconds=0.000612791 err="no CPU power status has been recorded"
time=2026-06-11T21:50:21.883+02:00 level=ERROR source=collector.go:168 msg="collector failed" name=thermal duration_seconds=0.001361 err="no CPU power status has been recorded"
time=2026-06-11T21:50:26.879+02:00 level=ERROR source=collector.go:168 msg="collector failed" name=thermal duration_seconds=0.000897333 err="no CPU power status has been recorded"
time=2026-06-11T21:50:31.878+02:00 level=ERROR source=collector.go:168 msg="collector failed" name=thermal duration_seconds=0.000445083 err="no CPU power status has been recorded"
time=2026-06-11T21:50:36.881+02:00 level=ERROR source=collector.go:168 msg="collector failed" name=thermal duration_seconds=0.00298125 err="no CPU power status has been recorded"
time=2026-06-11T21:50:41.880+02:00 level=ERROR source=collector.go:168 msg="collector failed" name=thermal duration_seconds=0.001434584 err="no CPU power status has been recorded"
time=2026-06-11T21:50:46.877+02:00 level=ERROR source=collector.go:168 msg="collector failed" name=thermal duration_seconds=0.000665 err="no CPU power status has been recorded"
time=2026-06-11T21:50:51.881+02:00 level=ERROR source=collector.go:168 msg="collector failed" name=thermal duration_seconds=0.001039875 err="no CPU power status has been recorded"
time=2026-06-11T21:50:56.880+02:00 level=ERROR source=collector.go:168 msg="collector failed" name=thermal duration_seconds=0.001434291 err="no CPU power status has been recorded"
time=2026-06-11T21:51:01.878+02:00 level=ERROR source=collector.go:168 msg="collector failed" name=thermal duration_seconds=0.001901542 err="no CPU power status has been recorded"
time=2026-06-11T21:51:06.879+02:00 level=ERROR source=collector.go:168 msg="collector failed" name=thermal duration_seconds=0.000449917 err="no CPU power status has been recorded"
time=2026-06-11T21:51:11.879+02:00 level=ERROR source=collector.go:168 msg="collector failed" name=thermal duration_seconds=0.000521833 err="no CPU power status has been recorded"
time=2026-06-11T21:51:16.879+02:00 level=ERROR source=collector.go:168 msg="collector failed" name=thermal duration_seconds=0.001194958 err="no CPU power status has been recorded"
time=2026-06-11T21:51:21.879+02:00 level=ERROR source=collector.go:168 msg="collector failed" name=thermal duration_seconds=0.000600834 err="no CPU power status has been recorded"
time=2026-06-11T21:51:26.882+02:00 level=ERROR source=collector.go:168 msg="collector failed" name=thermal duration_seconds=0.001516375 err="no CPU power status has been recorded"
time=2026-06-11T21:51:31.880+02:00 level=ERROR source=collector.go:168 msg="collector failed" name=thermal duration_seconds=0.002093833 err="no CPU power status has been recorded"
time=2026-06-11T21:51:36.879+02:00 level=ERROR source=collector.go:168 msg="collector failed" name=thermal duration_seconds=0.001875958 err="no CPU power status has been recorded"
time=2026-06-11T21:51:41.878+02:00 level=ERROR source=collector.go:168 msg="collector failed" name=thermal duration_seconds=0.000613791 err="no CPU power status has been recorded"
time=2026-06-11T21:51:46.880+02:00 level=ERROR source=collector.go:168 msg="collector failed" name=thermal duration_seconds=0.001551292 err="no CPU power status has been recorded"
time=2026-06-11T21:51:51.878+02:00 level=ERROR source=collector.go:168 msg="collector failed" name=thermal duration_seconds=0.000602291 err="no CPU power status has been recorded"
time=2026-06-11T21:51:56.880+02:00 level=ERROR source=collector.go:168 msg="collector failed" name=thermal duration_seconds=0.003088875 err="no CPU power status has been recorded"
time=2026-06-11T21:52:01.879+02:00 level=ERROR source=collector.go:168 msg="collector failed" name=thermal duration_seconds=0.001751542 err="no CPU power status has been recorded"
time=2026-06-11T21:52:06.880+02:00 level=ERROR source=collector.go:168 msg="collector failed" name=thermal duration_seconds=0.001509083 err="no CPU power status has been recorded"
time=2026-06-11T21:52:11.880+02:00 level=ERROR source=collector.go:168 msg="collector failed" name=thermal duration_seconds=0.002142458 err="no CPU power status has been recorded"
time=2026-06-11T21:52:16.878+02:00 level=ERROR source=collector.go:168 msg="collector failed" name=thermal duration_seconds=0.000528625 err="no CPU power status has been recorded"
time=2026-06-11T21:52:21.881+02:00 level=ERROR source=collector.go:168 msg="collector failed" name=thermal duration_seconds=0.00362525 err="no CPU power status has been recorded"
time=2026-06-11T21:52:26.879+02:00 level=ERROR source=collector.go:168 msg="collector failed" name=thermal duration_seconds=0.001513667 err="no CPU power status has been recorded"
time=2026-06-11T21:52:31.883+02:00 level=ERROR source=collector.go:168 msg="collector failed" name=thermal duration_seconds=0.001730333 err="no CPU power status has been recorded"
time=2026-06-11T21:52:36.877+02:00 level=ERROR source=collector.go:168 msg="collector failed" name=thermal duration_seconds=0.000629667 err="no CPU power status has been recorded"
time=2026-06-11T21:52:41.877+02:00 level=ERROR source=collector.go:168 msg="collector failed" name=thermal duration_seconds=0.000557667 err="no CPU power status has been recorded"
time=2026-06-11T21:52:46.878+02:00 level=ERROR source=collector.go:168 msg="collector failed" name=thermal duration_seconds=0.000237291 err="no CPU power status has been recorded"
time=2026-06-11T21:52:51.880+02:00 level=ERROR source=collector.go:168 msg="collector failed" name=thermal duration_seconds=0.002149333 err="no CPU power status has been recorded"
time=2026-06-11T21:52:56.880+02:00 level=ERROR source=collector.go:168 msg="collector failed" name=thermal duration_seconds=0.001614375 err="no CPU power status has been recorded"
time=2026-06-11T21:53:01.880+02:00 level=ERROR source=collector.go:168 msg="collector failed" name=thermal duration_seconds=0.000973208 err="no CPU power status has been recorded"
time=2026-06-11T21:53:06.879+02:00 level=ERROR source=collector.go:168 msg="collector failed" name=thermal duration_seconds=0.001706917 err="no CPU power status has been recorded"
time=2026-06-11T21:53:11.879+02:00 level=ERROR source=collector.go:168 msg="collector failed" name=thermal duration_seconds=0.00200375 err="no CPU power status has been recorded"
time=2026-06-11T21:53:16.879+02:00 level=ERROR source=collector.go:168 msg="collector failed" name=thermal duration_seconds=0.00056675 err="no CPU power status has been recorded"
time=2026-06-11T21:53:21.879+02:00 level=ERROR source=collector.go:168 msg="collector failed" name=thermal duration_seconds=0.000498667 err="no CPU power status has been recorded"
time=2026-06-11T21:53:26.880+02:00 level=ERROR source=collector.go:168 msg="collector failed" name=thermal duration_seconds=0.002304042 err="no CPU power status has been recorded"
time=2026-06-11T21:53:31.878+02:00 level=ERROR source=collector.go:168 msg="collector failed" name=thermal duration_seconds=0.000572667 err="no CPU power status has been recorded"
time=2026-06-11T21:53:36.878+02:00 level=ERROR source=collector.go:168 msg="collector failed" name=thermal duration_seconds=0.000906583 err="no CPU power status has been recorded"
time=2026-06-11T21:53:41.878+02:00 level=ERROR source=collector.go:168 msg="collector failed" name=thermal duration_seconds=0.000670667 err="no CPU power status has been recorded"
time=2026-06-11T21:53:46.878+02:00 level=ERROR source=collector.go:168 msg="collector failed" name=thermal duration_seconds=0.000286875 err="no CPU power status has been recorded"
time=2026-06-11T21:53:51.880+02:00 level=ERROR source=collector.go:168 msg="collector failed" name=thermal duration_seconds=0.00058825 err="no CPU power status has been recorded"
time=2026-06-11T21:53:56.887+02:00 level=ERROR source=collector.go:168 msg="collector failed" name=thermal duration_seconds=0.000526167 err="no CPU power status has been recorded"
time=2026-06-11T21:54:01.893+02:00 level=ERROR source=collector.go:168 msg="collector failed" name=thermal duration_seconds=0.000562625 err="no CPU power status has been recorded"
time=2026-06-11T21:54:06.897+02:00 level=ERROR source=collector.go:168 msg="collector failed" name=thermal duration_seconds=0.000508125 err="no CPU power status has been recorded"
time=2026-06-11T21:54:11.900+02:00 level=ERROR source=collector.go:168 msg="collector failed" name=thermal duration_seconds=0.000534667 err="no CPU power status has been recorded"
time=2026-06-11T21:54:16.903+02:00 level=ERROR source=collector.go:168 msg="collector failed" name=thermal duration_seconds=0.000480209 err="no CPU power status has been recorded"
time=2026-06-11T21:54:21.906+02:00 level=ERROR source=collector.go:168 msg="collector failed" name=thermal duration_seconds=0.001936833 err="no CPU power status has been recorded"
time=2026-06-11T21:54:26.905+02:00 level=ERROR source=collector.go:168 msg="collector failed" name=thermal duration_seconds=0.000582625 err="no CPU power status has been recorded"
time=2026-06-11T21:54:31.907+02:00 level=ERROR source=collector.go:168 msg="collector failed" name=thermal duration_seconds=0.000513334 err="no CPU power status has been recorded"
time=2026-06-11T21:54:36.907+02:00 level=ERROR source=collector.go:168 msg="collector failed" name=thermal duration_seconds=0.0004895 err="no CPU power status has been recorded"
time=2026-06-11T21:54:41.908+02:00 level=ERROR source=collector.go:168 msg="collector failed" name=thermal duration_seconds=0.00087975 err="no CPU power status has been recorded"
time=2026-06-11T21:54:46.907+02:00 level=ERROR source=collector.go:168 msg="collector failed" name=thermal duration_seconds=0.000659917 err="no CPU power status has been recorded"
time=2026-06-11T21:54:51.909+02:00 level=ERROR source=collector.go:168 msg="collector failed" name=thermal duration_seconds=0.001472625 err="no CPU power status has been recorded"
time=2026-06-11T21:54:56.909+02:00 level=ERROR source=collector.go:168 msg="collector failed" name=thermal duration_seconds=0.00121575 err="no CPU power status has been recorded"
time=2026-06-11T21:55:01.908+02:00 level=ERROR source=collector.go:168 msg="collector failed" name=thermal duration_seconds=0.000577291 err="no CPU power status has been recorded"
time=2026-06-11T21:55:06.908+02:00 level=ERROR source=collector.go:168 msg="collector failed" name=thermal duration_seconds=0.000535125 err="no CPU power status has been recorded"
time=2026-06-11T21:55:11.909+02:00 level=ERROR source=collector.go:168 msg="collector failed" name=thermal duration_seconds=0.000724875 err="no CPU power status has been recorded"
time=2026-06-11T21:55:16.910+02:00 level=ERROR source=collector.go:168 msg="collector failed" name=thermal duration_seconds=0.000674625 err="no CPU power status has been recorded"
time=2026-06-11T21:55:21.909+02:00 level=ERROR source=collector.go:168 msg="collector failed" name=thermal duration_seconds=0.000568959 err="no CPU power status has been recorded"
time=2026-06-11T21:55:26.910+02:00 level=ERROR source=collector.go:168 msg="collector failed" name=thermal duration_seconds=0.00150125 err="no CPU power status has been recorded"
time=2026-06-11T21:55:31.910+02:00 level=ERROR source=collector.go:168 msg="collector failed" name=thermal duration_seconds=0.000672417 err="no CPU power status has been recorded"
time=2026-06-11T21:55:36.910+02:00 level=ERROR source=collector.go:168 msg="collector failed" name=thermal duration_seconds=0.000886709 err="no CPU power status has been recorded"
time=2026-06-11T21:55:41.909+02:00 level=ERROR source=collector.go:168 msg="collector failed" name=thermal duration_seconds=0.000489125 err="no CPU power status has been recorded"
time=2026-06-11T21:55:46.910+02:00 level=ERROR source=collector.go:168 msg="collector failed" name=thermal duration_seconds=0.00179325 err="no CPU power status has been recorded"
time=2026-06-11T21:55:51.909+02:00 level=ERROR source=collector.go:168 msg="collector failed" name=thermal duration_seconds=0.0006145 err="no CPU power status has been recorded"
time=2026-06-11T21:55:56.910+02:00 level=ERROR source=collector.go:168 msg="collector failed" name=thermal duration_seconds=0.001806083 err="no CPU power status has been recorded"
time=2026-06-11T21:56:01.911+02:00 level=ERROR source=collector.go:168 msg="collector failed" name=thermal duration_seconds=0.001680875 err="no CPU power status has been recorded"
time=2026-06-11T21:56:06.910+02:00 level=ERROR source=collector.go:168 msg="collector failed" name=thermal duration_seconds=0.001328875 err="no CPU power status has been recorded"
time=2026-06-11T21:56:11.909+02:00 level=ERROR source=collector.go:168 msg="collector failed" name=thermal duration_seconds=0.000512292 err="no CPU power status has been recorded"
time=2026-06-11T21:56:16.911+02:00 level=ERROR source=collector.go:168 msg="collector failed" name=thermal duration_seconds=0.000468625 err="no CPU power status has been recorded"
time=2026-06-11T21:56:21.912+02:00 level=ERROR source=collector.go:168 msg="collector failed" name=thermal duration_seconds=0.002747125 err="no CPU power status has been recorded"
time=2026-06-11T21:56:26.910+02:00 level=ERROR source=collector.go:168 msg="collector failed" name=thermal duration_seconds=0.001600208 err="no CPU power status has been recorded"
time=2026-06-11T21:56:31.910+02:00 level=ERROR source=collector.go:168 msg="collector failed" name=thermal duration_seconds=0.000842958 err="no CPU power status has been recorded"
time=2026-06-11T21:56:36.909+02:00 level=ERROR source=collector.go:168 msg="collector failed" name=thermal duration_seconds=0.000550958 err="no CPU power status has been recorded"
time=2026-06-11T21:56:41.909+02:00 level=ERROR source=collector.go:168 msg="collector failed" name=thermal duration_seconds=0.000596792 err="no CPU power status has been recorded"
time=2026-06-11T21:56:46.910+02:00 level=ERROR source=collector.go:168 msg="collector failed" name=thermal duration_seconds=0.000517459 err="no CPU power status has been recorded"
time=2026-06-11T21:56:51.912+02:00 level=ERROR source=collector.go:168 msg="collector failed" name=thermal duration_seconds=0.002854792 err="no CPU power status has been recorded"
time=2026-06-11T21:56:56.910+02:00 level=ERROR source=collector.go:168 msg="collector failed" name=thermal duration_seconds=0.000488709 err="no CPU power status has been recorded"
time=2026-06-11T21:57:01.910+02:00 level=ERROR source=collector.go:168 msg="collector failed" name=thermal duration_seconds=0.00087875 err="no CPU power status has been recorded"
time=2026-06-11T21:57:06.912+02:00 level=ERROR source=collector.go:168 msg="collector failed" name=thermal duration_seconds=0.000872791 err="no CPU power status has been recorded"
time=2026-06-11T21:57:11.909+02:00 level=ERROR source=collector.go:168 msg="collector failed" name=thermal duration_seconds=0.00046725 err="no CPU power status has been recorded"
time=2026-06-11T21:57:16.912+02:00 level=ERROR source=collector.go:168 msg="collector failed" name=thermal duration_seconds=0.001818208 err="no CPU power status has been recorded"
time=2026-06-11T21:57:21.909+02:00 level=ERROR source=collector.go:168 msg="collector failed" name=thermal duration_seconds=0.000518125 err="no CPU power status has been recorded"
time=2026-06-11T21:57:26.909+02:00 level=ERROR source=collector.go:168 msg="collector failed" name=thermal duration_seconds=0.000429083 err="no CPU power status has been recorded"
time=2026-06-11T21:57:31.912+02:00 level=ERROR source=collector.go:168 msg="collector failed" name=thermal duration_seconds=0.002186458 err="no CPU power status has been recorded"
time=2026-06-11T21:57:36.910+02:00 level=ERROR source=collector.go:168 msg="collector failed" name=thermal duration_seconds=0.000475041 err="no CPU power status has been recorded"
time=2026-06-11T21:57:41.911+02:00 level=ERROR source=collector.go:168 msg="collector failed" name=thermal duration_seconds=0.000576875 err="no CPU power status has been recorded"
time=2026-06-11T21:57:46.911+02:00 level=ERROR source=collector.go:168 msg="collector failed" name=thermal duration_seconds=0.001567291 err="no CPU power status has been recorded"
time=2026-06-11T21:57:51.912+02:00 level=ERROR source=collector.go:168 msg="collector failed" name=thermal duration_seconds=0.002342167 err="no CPU power status has been recorded"
time=2026-06-11T21:57:56.909+02:00 level=ERROR source=collector.go:168 msg="collector failed" name=thermal duration_seconds=0.000558375 err="no CPU power status has been recorded"
time=2026-06-11T21:58:01.910+02:00 level=ERROR source=collector.go:168 msg="collector failed" name=thermal duration_seconds=0.000485583 err="no CPU power status has been recorded"
time=2026-06-11T21:58:06.912+02:00 level=ERROR source=collector.go:168 msg="collector failed" name=thermal duration_seconds=0.002249708 err="no CPU power status has been recorded"
time=2026-06-11T21:58:11.910+02:00 level=ERROR source=collector.go:168 msg="collector failed" name=thermal duration_seconds=0.000628125 err="no CPU power status has been recorded"
time=2026-06-11T21:58:16.910+02:00 level=ERROR source=collector.go:168 msg="collector failed" name=thermal duration_seconds=0.000579083 err="no CPU power status has been recorded"
time=2026-06-11T21:58:21.912+02:00 level=ERROR source=collector.go:168 msg="collector failed" name=thermal duration_seconds=0.001564209 err="no CPU power status has been recorded"
time=2026-06-11T21:58:26.911+02:00 level=ERROR source=collector.go:168 msg="collector failed" name=thermal duration_seconds=0.00159025 err="no CPU power status has been recorded"
time=2026-06-11T21:58:31.911+02:00 level=ERROR source=collector.go:168 msg="collector failed" name=thermal duration_seconds=0.001517958 err="no CPU power status has been recorded"
time=2026-06-11T21:58:36.912+02:00 level=ERROR source=collector.go:168 msg="collector failed" name=thermal duration_seconds=0.001361583 err="no CPU power status has been recorded"
time=2026-06-11T21:58:41.911+02:00 level=ERROR source=collector.go:168 msg="collector failed" name=thermal duration_seconds=0.000806417 err="no CPU power status has been recorded"
time=2026-06-11T21:58:46.913+02:00 level=ERROR source=collector.go:168 msg="collector failed" name=thermal duration_seconds=0.002613458 err="no CPU power status has been recorded"
time=2026-06-11T21:58:51.912+02:00 level=ERROR source=collector.go:168 msg="collector failed" name=thermal duration_seconds=0.001354375 err="no CPU power status has been recorded"
time=2026-06-11T21:58:56.913+02:00 level=ERROR source=collector.go:168 msg="collector failed" name=thermal duration_seconds=0.000762209 err="no CPU power status has been recorded"
time=2026-06-11T21:59:01.913+02:00 level=ERROR source=collector.go:168 msg="collector failed" name=thermal duration_seconds=0.000950125 err="no CPU power status has been recorded"
time=2026-06-11T21:59:06.911+02:00 level=ERROR source=collector.go:168 msg="collector failed" name=thermal duration_seconds=0.000588459 err="no CPU power status has been recorded"
time=2026-06-11T21:59:11.913+02:00 level=ERROR source=collector.go:168 msg="collector failed" name=thermal duration_seconds=0.00122725 err="no CPU power status has been recorded"
time=2026-06-11T21:59:16.911+02:00 level=ERROR source=collector.go:168 msg="collector failed" name=thermal duration_seconds=0.000531959 err="no CPU power status has been recorded"
time=2026-06-11T21:59:21.915+02:00 level=ERROR source=collector.go:168 msg="collector failed" name=thermal duration_seconds=0.00461625 err="no CPU power status has been recorded"
time=2026-06-11T21:59:26.912+02:00 level=ERROR source=collector.go:168 msg="collector failed" name=thermal duration_seconds=0.000223792 err="no CPU power status has been recorded"
