time=2026-06-11T21:42:36.811+02:00 level=INFO source=main.go:1708 msg="updated GOGC" old=100 new=75
time=2026-06-11T21:42:36.811+02:00 level=INFO source=main.go:773 msg="Leaving GOMAXPROCS=8: CPU quota undefined" component=automaxprocs
time=2026-06-11T21:42:36.811+02:00 level=INFO source=memlimit.go:198 msg="GOMEMLIMIT is updated" component=automemlimit package=github.com/KimMachineGun/automemlimit/memlimit GOMEMLIMIT=15461882265 previous=9223372036854775807
time=2026-06-11T21:42:36.812+02:00 level=INFO source=main.go:880 msg="Starting Prometheus Server" mode=server version="(version=3.12.0, branch=HEAD, revision=9f27dffc1f93ca23287972f632025879f2d1c658)"
time=2026-06-11T21:42:36.812+02:00 level=INFO source=main.go:885 msg="operational information" build_context="(go=go1.26.3, platform=darwin/arm64, user=root@9c8a7b95213c, date=20260528-15:45:40, tags=netgo,builtinassets)" host_details=(darwin) fd_limits="(soft=61440, hard=unlimited)" vm_limits="(soft=unlimited, hard=unlimited)"
time=2026-06-11T21:42:36.867+02:00 level=INFO source=web.go:718 msg="Start listening for connections" component=web address=0.0.0.0:9090
time=2026-06-11T21:42:36.868+02:00 level=INFO source=main.go:1440 msg="Starting TSDB ..."
time=2026-06-11T21:42:36.870+02:00 level=INFO source=tls_config.go:354 msg="Listening on" component=web address=[::]:9090
time=2026-06-11T21:42:36.870+02:00 level=INFO source=tls_config.go:357 msg="TLS is disabled." component=web http2=false address=[::]:9090
time=2026-06-11T21:42:36.871+02:00 level=INFO source=head.go:701 msg="Replaying on-disk memory mappable chunks if any" component=tsdb
time=2026-06-11T21:42:36.871+02:00 level=INFO source=head.go:787 msg="On-disk memory mappable chunks replay completed" component=tsdb duration=9.209µs
time=2026-06-11T21:42:36.871+02:00 level=INFO source=head.go:795 msg="Replaying WAL, this may take a while" component=tsdb
time=2026-06-11T21:42:36.872+02:00 level=INFO source=head.go:890 msg="WAL segment loaded" component=tsdb segment=0 maxSegment=0 duration=767.792µs
time=2026-06-11T21:42:36.872+02:00 level=INFO source=head.go:927 msg="WAL replay completed" component=tsdb checkpoint_replay_duration=247.25µs wal_replay_duration=786.417µs wbl_replay_duration=83ns chunk_snapshot_load_duration=0s mmap_chunk_replay_duration=9.209µs total_replay_duration=1.05425ms
time=2026-06-11T21:42:36.873+02:00 level=INFO source=main.go:1461 msg="filesystem information" fs_type=19
time=2026-06-11T21:42:36.873+02:00 level=INFO source=main.go:1464 msg="TSDB started"
time=2026-06-11T21:42:36.873+02:00 level=INFO source=main.go:1662 msg="Loading configuration file" filename=prometheus.yml
time=2026-06-11T21:42:36.873+02:00 level=INFO source=main.go:1078 msg="TSDB retention updated" duration=15d size=0B percentage=0
time=2026-06-11T21:42:37.001+02:00 level=INFO source=main.go:1701 msg="Completed loading of configuration file" db_storage=13.25µs remote_storage=10.875µs web_handler=83ns query_engine=333ns scrape=124.826792ms scrape_sd=47.292µs notify=110.375µs notify_sd=7.167µs rules=2.3255ms tracing=3.791µs filename=prometheus.yml totalDuration=127.746083ms
time=2026-06-11T21:42:37.001+02:00 level=INFO source=main.go:1425 msg="Server is ready to receive web requests."
time=2026-06-11T21:42:37.001+02:00 level=INFO source=manager.go:209 msg="Starting rule manager..." component="rule manager"
time=2026-06-11T21:59:31.693+02:00 level=WARN source=main.go:1221 msg="Received an OS signal, exiting gracefully..." signal=interrupt
time=2026-06-11T21:59:31.693+02:00 level=INFO source=main.go:1246 msg="Stopping scrape discovery manager..."
time=2026-06-11T21:59:31.693+02:00 level=INFO source=main.go:1260 msg="Stopping notify discovery manager..."
time=2026-06-11T21:59:31.693+02:00 level=INFO source=main.go:1275 msg="Stopping rule manager manager..."
time=2026-06-11T21:59:31.693+02:00 level=INFO source=main.go:1242 msg="Scrape discovery manager stopped"
time=2026-06-11T21:59:31.693+02:00 level=INFO source=manager.go:223 msg="Stopping rule manager..." component="rule manager"
time=2026-06-11T21:59:31.694+02:00 level=INFO source=main.go:1256 msg="Notify discovery manager stopped"
time=2026-06-11T21:59:31.694+02:00 level=INFO source=manager.go:239 msg="Rule manager stopped" component="rule manager"
time=2026-06-11T21:59:31.694+02:00 level=INFO source=main.go:1299 msg="Stopping scrape manager..."
time=2026-06-11T21:59:31.694+02:00 level=INFO source=main.go:1314 msg="Stopping tracing manager..."
time=2026-06-11T21:59:31.694+02:00 level=INFO source=main.go:1399 msg="Stopping reloaders..."
time=2026-06-11T21:59:31.694+02:00 level=INFO source=main.go:1488 msg="Stopping storage..."
time=2026-06-11T21:59:31.694+02:00 level=INFO source=main.go:1271 msg="Rule manager stopped"
time=2026-06-11T21:59:31.694+02:00 level=INFO source=main.go:1310 msg="Tracing manager stopped"
time=2026-06-11T21:59:31.694+02:00 level=INFO source=main.go:1391 msg="Reloaders stopped"
time=2026-06-11T21:59:31.694+02:00 level=INFO source=main.go:1291 msg="Scrape manager stopped"
time=2026-06-11T21:59:31.708+02:00 level=INFO source=main.go:1566 msg="Stopping web handler..."
time=2026-06-11T21:59:31.708+02:00 level=INFO source=main.go:1589 msg="Stopping notifier manager..."
time=2026-06-11T21:59:31.708+02:00 level=INFO source=main.go:1484 msg="TSDB stopped"
time=2026-06-11T21:59:31.708+02:00 level=INFO source=main.go:1562 msg="Web handler stopped"
time=2026-06-11T21:59:31.708+02:00 level=INFO source=manager.go:321 msg="Stopping notification manager..." component=notifier
time=2026-06-11T21:59:31.708+02:00 level=INFO source=main.go:1585 msg="Notifier manager stopped"
time=2026-06-11T21:59:31.708+02:00 level=INFO source=main.go:1600 msg="See you next time!"
